[2026-04-09 11:10:15.184] [INFO] Sesión iniciada - Log: logs\magicbridge_20260409_111015.log
[2026-04-09 11:10:36.274] [INFO] Cargando archivo HMF: C:/Users/daduc/Music/MagicBridge/BACKUP_INFO_PUENTE_MAGICO/Ford_MACH_E_20230901_R018.hmf
[2026-04-09 11:10:36.280] [SUCCESS] HMF cargado: 6 configuraciones disponibles
[2026-04-09 11:10:46.197] [INFO] Intentando conectar a COM25...
[2026-04-09 11:10:49.202] [SUCCESS] Conectado a COM25
[2026-04-09 11:10:49.255] [INFO] MagicBridge: LICENSE:count=2,limit=22,remaining=20
[2026-04-09 11:10:54.402] [INFO] Iniciando carga: PCB 3, Variante D2, 759 entradas
[2026-04-09 11:10:54.404] [INFO] Enviando comando: LOAD 3 D 759
[2026-04-09 11:10:54.900] [INFO] MagicBridge: Detected 'L' - checking for LOAD command
[2026-04-09 11:10:54.901] [INFO] MagicBridge: Waiting for LOAD command...
[2026-04-09 11:10:54.902] [INFO] MagicBridge: Loading 759 entries for PCB 3 variant D
[2026-04-09 11:10:57.901] [INFO] Enviando 759 entradas...
[2026-04-09 11:10:57.926] [INFO] Progreso: 100/759
[2026-04-09 11:10:57.963] [INFO] Progreso: 200/759
[2026-04-09 11:10:57.999] [INFO] Progreso: 300/759
[2026-04-09 11:10:58.036] [INFO] Progreso: 400/759
[2026-04-09 11:10:58.072] [INFO] Progreso: 500/759
[2026-04-09 11:10:58.108] [INFO] Progreso: 600/759
[2026-04-09 11:10:58.144] [INFO] Progreso: 700/759
[2026-04-09 11:10:58.170] [SUCCESS] Datos enviados en 269ms
[2026-04-09 11:10:58.171] [INFO] Esperando confirmación...
[2026-04-09 11:10:58.173] [INFO] MagicBridge: .......
[2026-04-09 11:10:58.174] [INFO] MagicBridge: OK:Loaded 759 entries into RAM
[2026-04-09 11:10:58.175] [SUCCESS] Carga exitosa: 759 entradas
[2026-04-09 11:11:03.424] [INFO] Ejecutando comando: W3d
[2026-04-09 11:11:03.424] [INFO] MagicBridge: RAM used: 1518 bytes (8% of total RAM)
[2026-04-09 11:11:03.426] [INFO] MagicBridge: Data loaded - ready for W/R/P commands
[2026-04-09 11:11:03.426] [INFO] MagicBridge: Loaded entries: 759
[2026-04-09 11:11:03.427] [INFO] MagicBridge: PCB: 3
[2026-04-09 11:11:03.427] [INFO] MagicBridge: Variant: D
[2026-04-09 11:11:03.427] [INFO] MagicBridge: Address range: 0x3400 - 0x39EC
[2026-04-09 11:11:03.427] [INFO] MagicBridge: RAM usage: 1518 bytes
[2026-04-09 11:11:03.429] [INFO] MagicBridge: Comando recibido: W3d
[2026-04-09 11:11:03.524] [INFO] MagicBridge: Variante D2 seleccionada
[2026-04-09 11:11:03.526] [INFO] MagicBridge: State: 0
[2026-04-09 11:11:03.534] [INFO] MagicBridge: Writing PCB 3 Addr 1 - DATA USER WRITING...
[2026-04-09 11:11:06.555] [SUCCESS] Comando completado (11 líneas)
[2026-04-09 11:11:15.169] [INFO] Ejecutando comando: P3d
[2026-04-09 11:11:15.171] [INFO] MagicBridge: Data User Complete
[2026-04-09 11:11:15.669] [INFO] MagicBridge: Escritura correcta
[2026-04-09 11:11:15.672] [INFO] MagicBridge: LICENSE:count=3,limit=22,remaining=19
[2026-04-09 11:11:15.674] [INFO] MagicBridge: Reading PCB 3 Addr 1
[2026-04-09 11:11:15.676] [INFO] MagicBridge: End of reading
[2026-04-09 11:11:15.677] [INFO] MagicBridge: State: 0
[2026-04-09 11:11:15.681] [INFO] MagicBridge: Comando recibido: P3d
[2026-04-09 11:11:15.683] [INFO] MagicBridge: Variante D2 seleccionada
[2026-04-09 11:11:15.684] [INFO] MagicBridge: Reading PCB 3 Addr 1
[2026-04-09 11:11:15.685] [INFO] MagicBridge: === INICIANDO VERIFICACION ===
[2026-04-09 11:11:15.687] [INFO] MagicBridge: 34 , 0 , 0 , 68 [ERROR - Expected: 0, 1]
[2026-04-09 11:11:15.688] [INFO] MagicBridge: 34 , 2 , 2 , 68 [ERROR - Expected: 0, 0]
[2026-04-09 11:11:15.690] [INFO] MagicBridge: 34 , 4 , 4 , 68 [ERROR - Expected: 2, 0]
[2026-04-09 11:11:15.690] [INFO] MagicBridge: 34 , 6 , 6 , 68 [ERROR - Expected: 2, 0]
[2026-04-09 11:11:15.691] [INFO] MagicBridge: 34 , 8 , 8 , 68 [ERROR - Expected: 2, 0]
[2026-04-09 11:11:15.692] [INFO] MagicBridge: 34 , A , A , 68 [ERROR - Expected: 2, 0]
[2026-04-09 11:11:15.693] [INFO] MagicBridge: 34 , C , C , 68 [ERROR - Expected: 2, 0]
[2026-04-09 11:11:15.693] [INFO] MagicBridge: 34 , E , E , 68 [ERROR - Expected: 2, 0]
[2026-04-09 11:11:15.695] [INFO] MagicBridge: 34 , 10 , 10 , 68 [ERROR - Expected: 2, 0]
[2026-04-09 11:11:15.695] [INFO] MagicBridge: 34 , 12 , 12 , 68 [ERROR - Expected: 2, 0]
[2026-04-09 11:11:15.697] [INFO] MagicBridge: 34 , 14 , 14 , 68 [ERROR - Expected: 2, 0]
[2026-04-09 11:11:15.698] [INFO] MagicBridge: 34 , 16 , 16 , 68 [ERROR - Expected: 2, 0]
[2026-04-09 11:11:15.698] [INFO] MagicBridge: 34 , 18 , 18 , 68 [ERROR - Expected: 2, 0]
[2026-04-09 11:11:15.699] [INFO] MagicBridge: 34 , 1A , 1A , 68 [ERROR - Expected: 2, 0]
[2026-04-09 11:11:15.700] [INFO] MagicBridge: 34 , 1C , 1C , 68 [ERROR - Expected: 2, 0]
[2026-04-09 11:11:15.700] [INFO] MagicBridge: 34 , 1E , 1E , 68 [ERROR - Expected: 2, 0]
[2026-04-09 11:11:15.702] [INFO] MagicBridge: 34 , 20 , 20 , 68 [ERROR - Expected: 2, 0]
[2026-04-09 11:11:15.702] [INFO] MagicBridge: 34 , 22 , 22 , 68 [ERROR - Expected: 2, 0]
[2026-04-09 11:11:15.702] [INFO] MagicBridge: 34 , 24 , 24 , 68 [ERROR - Expected: 0, 0]
[2026-04-09 11:11:15.703] [INFO] MagicBridge: 34 , 26 , 26 , 68 [ERROR - Expected: 0, 24]
[2026-04-09 11:11:15.704] [INFO] MagicBridge: 34 , 28 , 28 , 68 [ERROR - Expected: 0, 48]
[2026-04-09 11:11:15.704] [INFO] MagicBridge: 34 , 2A , 2A , 68 [ERROR - Expected: 0, 6C]
[2026-04-09 11:11:15.705] [INFO] MagicBridge: 34 , 2C , 2C , 68 [ERROR - Expected: 0, 90]
[2026-04-09 11:11:15.705] [INFO] MagicBridge: 34 , 2E , 2E , 68 [ERROR - Expected: 2, 0]
[2026-04-09 11:11:15.706] [INFO] MagicBridge: 34 , 30 , 30 , 68 [ERROR - Expected: 2, 0]
[2026-04-09 11:11:15.708] [INFO] MagicBridge: 34 , 32 , 32 , 68 [ERROR - Expected: 2, 0]
[2026-04-09 11:11:15.709] [INFO] MagicBridge: 34 , 34 , 34 , 68 [ERROR - Expected: 2, 0]
[2026-04-09 11:11:15.709] [INFO] MagicBridge: 34 , 36 , 36 , 68 [ERROR - Expected: 2, 0]
[2026-04-09 11:11:15.710] [INFO] MagicBridge: 34 , 38 , 38 , 68 [ERROR - Expected: 2, 0]
[2026-04-09 11:11:15.710] [INFO] MagicBridge: 34 , 3A , 3A , 68 [ERROR - Expected: 2, 0]
[2026-04-09 11:11:15.711] [INFO] MagicBridge: 34 , 3C , 3C , 68 [ERROR - Expected: 2, 0]
[2026-04-09 11:11:15.711] [INFO] MagicBridge: 34 , 3E , 3E , 68 [ERROR - Expected: 2, 0]
[2026-04-09 11:11:15.712] [INFO] MagicBridge: 34 , 40 , 40 , 68 [ERROR - Expected: 2, 0]
[2026-04-09 11:11:15.712] [INFO] MagicBridge: 34 , 42 , 42 , 68 [ERROR - Expected: 0, 0]
[2026-04-09 11:11:15.713] [INFO] MagicBridge: 34 , 44 , 44 , 68 [ERROR - Expected: 0, 0]
[2026-04-09 11:11:15.715] [INFO] MagicBridge: 34 , 46 , 46 , 68 [ERROR - Expected: 0, 0]
[2026-04-09 11:11:15.715] [INFO] MagicBridge: 34 , 48 , 48 , 68 [ERROR - Expected: 0, 19]
[2026-04-09 11:11:15.716] [INFO] MagicBridge: 34 , 4A , 4A , 68 [ERROR - Expected: 0, C]
[2026-04-09 11:11:15.716] [INFO] MagicBridge: 34 , 4C , 4C , 68 [ERROR - Expected: 0, 0]
[2026-04-09 11:11:15.717] [INFO] MagicBridge: 34 , 4E , 4E , 68 [ERROR - Expected: 0, 43]
[2026-04-09 11:11:15.718] [INFO] MagicBridge: 34 , 50 , 50 , 68 [ERROR - Expected: 0, 87]
[2026-04-09 11:11:15.718] [INFO] MagicBridge: 34 , 52 , 52 , 68 [ERROR - Expected: 0, CA]
[2026-04-09 11:11:15.719] [INFO] MagicBridge: 34 , 54 , 54 , 68 [ERROR - Expected: 0, 0]
[2026-04-09 11:11:15.720] [INFO] MagicBridge: 34 , 56 , 56 , 68 [ERROR - Expected: 0, 0]
[2026-04-09 11:11:15.721] [INFO] MagicBridge: 34 , 58 , 58 , 68 [ERROR - Expected: 0, 0]
[2026-04-09 11:11:15.722] [INFO] MagicBridge: 34 , 5A , 5A , 68 [ERROR - Expected: 0, 0]
[2026-04-09 11:11:15.722] [INFO] MagicBridge: 34 , 5C , 5C , 68 [ERROR - Expected: 1, 8E]
[2026-04-09 11:11:15.723] [INFO] MagicBridge: 34 , 5E , 5E , 68 [ERROR - Expected: 1, 98]
[2026-04-09 11:11:15.723] [INFO] MagicBridge: 34 , 60 , 60 , 68 [ERROR - Expected: 1, E9]
[2026-04-09 11:11:15.724] [INFO] MagicBridge: 34 , 62 , 62 , 68 [ERROR - Expected: 52, FF]
[2026-04-09 11:11:15.724] [INFO] MagicBridge: 34 , 64 , 64 , 68 [ERROR - Expected: 0, 13]
[2026-04-09 11:11:15.725] [INFO] MagicBridge: 34 , 66 , 66 , 68 [ERROR - Expected: 0, 0]
[2026-04-09 11:11:15.725] [INFO] MagicBridge: 34 , 68 , 68 , 68 [ERROR - Expected: 0, 0]
[2026-04-09 11:11:15.726] [INFO] MagicBridge: 34 , 6A , 6A , 68 [ERROR - Expected: 0, 0]
[2026-04-09 11:11:15.726] [INFO] MagicBridge: 34 , 6C , 6C , 68 [ERROR - Expected: 0, 0]
[2026-04-09 11:11:15.728] [INFO] MagicBridge: 34 , 6E , 6E , 68 [ERROR - Expected: 0, 0]
[2026-04-09 11:11:15.729] [INFO] MagicBridge: 34 , 70 , 70 , 68 [ERROR - Expected: 0, 0]
[2026-04-09 11:11:15.729] [INFO] MagicBridge: 34 , 72 , 72 , 68 [ERROR - Expected: 0, 0]
[2026-04-09 11:11:15.730] [INFO] MagicBridge: 34 , 74 , 74 , 68 [ERROR - Expected: 0, 0]
[2026-04-09 11:11:15.731] [INFO] MagicBridge: 34 , 76 , 76 , 68 [ERROR - Expected: 0, 0]
[2026-04-09 11:11:15.731] [INFO] MagicBridge: 34 , 78 , 78 , 68 [ERROR - Expected: 0, 0]
[2026-04-09 11:11:15.732] [INFO] MagicBridge: 34 , 7A , 7A , 68 [ERROR - Expected: 0, 12]
[2026-04-09 11:11:15.732] [INFO] MagicBridge: 34 , 7C , 7C , 68 [ERROR - Expected: 0, 0]
[2026-04-09 11:11:15.733] [INFO] MagicBridge: 34 , 7E , 7E , 68 [ERROR - Expected: 0, 11]
[2026-04-09 11:11:15.735] [INFO] MagicBridge: 34 , 80 , 0 , 69 [ERROR - Expected: 0, 7]
[2026-04-09 11:11:15.736] [INFO] MagicBridge: 34 , 82 , 2 , 69 [ERROR - Expected: FF, FF]
[2026-04-09 11:11:15.737] [SUCCESS] Comando completado (76 líneas)
[2026-04-09 11:11:25.767] [INFO] Ejecutando comando: P3d
[2026-04-09 11:11:25.767] [INFO] MagicBridge: 34 , 84 , 4 , 69 [ERROR - Expected: 8, 11]
[2026-04-09 11:11:25.767] [INFO] MagicBridge: 34 , 86 , 6 , 69 [ERROR - Expected: 0, 12]
[2026-04-09 11:11:25.767] [INFO] MagicBridge: 34 , 88 , 8 , 69 [ERROR - Expected: FF, FF]
[2026-04-09 11:11:25.767] [INFO] MagicBridge: 34 , 8A , A , 69 [ERROR - Expected: 0, 0]
[2026-04-09 11:11:25.774] [INFO] MagicBridge: 34 , 8C , C , 69 [ERROR - Expected: 0, 0]
[2026-04-09 11:11:25.774] [INFO] MagicBridge: 34 , 8E , E , 69 [ERROR - Expected: 0, 0]
[2026-04-09 11:11:25.774] [INFO] MagicBridge: 34 , 90 , 10 , 69 [ERROR - Expected: 0, 0]
[2026-04-09 11:11:25.774] [INFO] MagicBridge: 34 , 92 , 12 , 69 [ERROR - Expected: 0, 0]
[2026-04-09 11:11:25.778] [INFO] MagicBridge: 34 , 94 , 14 , 69 [ERROR - Expected: 0, 0]
[2026-04-09 11:11:25.780] [INFO] MagicBridge: 34 , 96 , 16 , 69 [ERROR - Expected: 0, 0]
[2026-04-09 11:11:25.781] [INFO] MagicBridge: 34 , 98 , 18 , 69 [ERROR - Expected: 0, 0]
[2026-04-09 11:11:25.782] [INFO] MagicBridge: 34 , 9A , 1A , 69 [ERROR - Expected: 0, 0]
[2026-04-09 11:11:25.784] [INFO] MagicBridge: 34 , 9C , 1C , 69 [ERROR - Expected: 0, 0]
[2026-04-09 11:11:25.785] [INFO] MagicBridge: 34 , 9E , 1E , 69 [ERROR - Expected: 0, 0]
[2026-04-09 11:11:25.785] [INFO] MagicBridge: 34 , A0 , 20 , 69 [ERROR - Expected: 0, 0]
[2026-04-09 11:11:25.785] [INFO] MagicBridge: 34 , A2 , 22 , 69 [ERROR - Expected: 0, 0]
[2026-04-09 11:11:25.787] [INFO] MagicBridge: 34 , A4 , 24 , 69 [ERROR - Expected: 0, 0]
[2026-04-09 11:11:25.788] [INFO] MagicBridge: 34 , A6 , 26 , 69 [ERROR - Expected: 0, 0]
[2026-04-09 11:11:25.789] [INFO] MagicBridge: 34 , A8 , 28 , 69 [ERROR - Expected: 0, 0]
[2026-04-09 11:11:25.790] [INFO] MagicBridge: 34 , AA , 2A , 69 [ERROR - Expected: 0, 0]
[2026-04-09 11:11:25.790] [INFO] MagicBridge: 34 , AC , 2C , 69 [ERROR - Expected: 0, 0]
[2026-04-09 11:11:25.790] [INFO] MagicBridge: 34 , AE , 2E , 69 [ERROR - Expected: 35, 0]
[2026-04-09 11:11:25.791] [INFO] MagicBridge: 34 , B0 , 30 , 69 [ERROR - Expected: 0, 0]
[2026-04-09 11:11:25.791] [INFO] MagicBridge: 34 , B2 , 32 , 69 [ERROR - Expected: 6C, 5D]
[2026-04-09 11:11:25.792] [INFO] MagicBridge: 34 , B4 , 34 , 69 [ERROR - Expected: 0, 0]
[2026-04-09 11:11:25.792] [INFO] MagicBridge: 34 , B6 , 36 , 69 [ERROR - Expected: 6C, 5D]
[2026-04-09 11:11:25.793] [INFO] MagicBridge: 34 , B8 , 38 , 69 [ERROR - Expected: 0, 12]
[2026-04-09 11:11:25.795] [INFO] MagicBridge: 34 , BA , 3A , 69 [ERROR - Expected: 6C, 5D]
[2026-04-09 11:11:25.796] [INFO] MagicBridge: 34 , BC , 3C , 69 [ERROR - Expected: 0, 24]
[2026-04-09 11:11:25.797] [INFO] MagicBridge: 34 , BE , 3E , 69 [ERROR - Expected: 6C, 5D]
[2026-04-09 11:11:25.797] [INFO] MagicBridge: 34 , C0 , 40 , 69 [ERROR - Expected: 0, 36]
[2026-04-09 11:11:25.798] [INFO] MagicBridge: 34 , C2 , 42 , 69 [ERROR - Expected: 6C, 5D]
[2026-04-09 11:11:25.798] [INFO] MagicBridge: 34 , C4 , 44 , 69 [ERROR - Expected: 0, 48]
[2026-04-09 11:11:25.800] [INFO] MagicBridge: 34 , C6 , 46 , 69 [ERROR - Expected: 6C, 5D]
[2026-04-09 11:11:25.800] [INFO] MagicBridge: 34 , C8 , 48 , 69 [ERROR - Expected: 0, 5A]
[2026-04-09 11:11:25.800] [INFO] MagicBridge: 34 , CA , 4A , 69 [ERROR - Expected: 6C, 5D]
[2026-04-09 11:11:25.801] [INFO] MagicBridge: 34 , CC , 4C , 69 [ERROR - Expected: 0, 6C]
[2026-04-09 11:11:25.802] [INFO] MagicBridge: 34 , CE , 4E , 69 [ERROR - Expected: 6C, 5D]
[2026-04-09 11:11:25.802] [INFO] MagicBridge: 34 , D0 , 50 , 69 [ERROR - Expected: 0, 7E]
[2026-04-09 11:11:25.804] [INFO] MagicBridge: 34 , D2 , 52 , 69 [ERROR - Expected: 0, 8C]
[2026-04-09 11:11:25.804] [INFO] MagicBridge: 34 , D4 , 54 , 69 [ERROR - Expected: 0, 0]
[2026-04-09 11:11:25.805] [INFO] MagicBridge: 34 , D6 , 56 , 69 [ERROR - Expected: 9F, 5D]
[2026-04-09 11:11:25.805] [INFO] MagicBridge: 34 , D8 , 58 , 69 [ERROR - Expected: 0, 90]
[2026-04-09 11:11:25.806] [INFO] MagicBridge: 34 , DA , 5A , 69 [ERROR - Expected: 9F, 5D]
[2026-04-09 11:11:25.806] [INFO] MagicBridge: 34 , DC , 5C , 69 [ERROR - Expected: 0, A2]
[2026-04-09 11:11:25.806] [INFO] MagicBridge: 34 , DE , 5E , 69 [ERROR - Expected: 9F, 5D]
[2026-04-09 11:11:25.808] [INFO] MagicBridge: 34 , E0 , 60 , 69 [ERROR - Expected: 0, B4]
[2026-04-09 11:11:25.808] [INFO] MagicBridge: 34 , E2 , 62 , 69 [ERROR - Expected: 9F, 5D]
[2026-04-09 11:11:25.809] [INFO] MagicBridge: 34 , E4 , 64 , 69 [ERROR - Expected: 0, C6]
[2026-04-09 11:11:25.809] [INFO] MagicBridge: 34 , E6 , 66 , 69 [ERROR - Expected: 9F, 5D]
[2026-04-09 11:11:25.811] [INFO] MagicBridge: 34 , E8 , 68 , 69 [ERROR - Expected: 0, D8]
[2026-04-09 11:11:25.811] [INFO] MagicBridge: 34 , EA , 6A , 69 [ERROR - Expected: 9F, 5D]
[2026-04-09 11:11:25.812] [INFO] MagicBridge: 34 , EC , 6C , 69 [ERROR - Expected: 0, EA]
[2026-04-09 11:11:25.812] [INFO] MagicBridge: 34 , EE , 6E , 69 [ERROR - Expected: 9F, 5D]
[2026-04-09 11:11:25.813] [INFO] MagicBridge: 34 , F0 , 70 , 69 [ERROR - Expected: 0, FC]
[2026-04-09 11:11:25.813] [INFO] MagicBridge: 34 , F2 , 72 , 69 [ERROR - Expected: 9F, 5D]
[2026-04-09 11:11:25.814] [INFO] MagicBridge: 34 , F4 , 74 , 69 [ERROR - Expected: 1, E]
[2026-04-09 11:11:25.814] [INFO] MagicBridge: 34 , F6 , 76 , 69 [ERROR - Expected: 0, 5D]
[2026-04-09 11:11:25.816] [INFO] MagicBridge: 34 , F8 , 78 , 69 [ERROR - Expected: 1, 20]
[2026-04-09 11:11:25.817] [INFO] MagicBridge: 34 , FA , 7A , 69 [ERROR - Expected: 9F, 5D]
[2026-04-09 11:11:25.817] [INFO] MagicBridge: 34 , FC , 7C , 69 [ERROR - Expected: 1, 32]
[2026-04-09 11:11:25.818] [INFO] MagicBridge: 34 , FE , 7E , 69 [ERROR - Expected: 0, 0]
[2026-04-09 11:11:25.819] [INFO] MagicBridge: 35 , 0 , 0 , 6A [ERROR - Expected: FF, FF]
[2026-04-09 11:11:25.820] [INFO] MagicBridge: 35 , 2 , 2 , 6A [ERROR - Expected: 0, 0]
[2026-04-09 11:11:25.820] [INFO] MagicBridge: 35 , 4 , 4 , 6A [ERROR - Expected: 0, 0]
[2026-04-09 11:11:25.821] [INFO] MagicBridge: 35 , 6 , 6 , 6A [ERROR - Expected: 0, 0]
[2026-04-09 11:11:25.821] [INFO] MagicBridge: 35 , 8 , 8 , 6A [ERROR - Expected: 0, 0]
[2026-04-09 11:11:25.822] [INFO] MagicBridge: 35 , A , A , 6A [ERROR - Expected: 0, 0]
[2026-04-09 11:11:25.823] [INFO] MagicBridge: 35 , C , C , 6A [ERROR - Expected: 0, 0]
[2026-04-09 11:11:25.823] [INFO] MagicBridge: 35 , E , E , 6A [ERROR - Expected: 0, 0]
[2026-04-09 11:11:25.824] [INFO] MagicBridge: 35 , 10 , 10 , 6A [ERROR - Expected: 0, 0]
[2026-04-09 11:11:25.825] [INFO] MagicBridge: 35 , 12 , 12 , 6A [ERROR - Expected: FF, FF]
[2026-04-09 11:11:25.826] [INFO] MagicBridge: 35 , 14 , 14 , 6A [ERROR - Expected: FF, FF]
[2026-04-09 11:11:25.826] [INFO] MagicBridge: 35 , 16 , 16 , 6A [ERROR - Expected: 0, 0]
[2026-04-09 11:11:25.827] [INFO] MagicBridge: 35 , 18 , 18 , 6A [ERROR - Expected: 0, 0]
[2026-04-09 11:11:25.828] [INFO] MagicBridge: 35 , 1A , 1A , 6A [ERROR - Expected: 0, 0]
[2026-04-09 11:11:25.828] [INFO] MagicBridge: 35 , 1C , 1C , 6A [ERROR - Expected: 0, 0]
[2026-04-09 11:11:25.830] [INFO] MagicBridge: 35 , 1E , 1E , 6A [ERROR - Expected: 0, 0]
[2026-04-09 11:11:25.830] [INFO] MagicBridge: 35 , 20 , 20 , 6A [ERROR - Expected: 0, 0]
[2026-04-09 11:11:25.831] [INFO] MagicBridge: 35 , 22 , 22 , 6A [ERROR - Expected: 0, 0]
[2026-04-09 11:11:25.831] [INFO] MagicBridge: 35 , 24 , 24 , 6A [ERROR - Expected: FF, FF]
[2026-04-09 11:11:25.832] [INFO] MagicBridge: 35 , 26 , 26 , 6A [ERROR - Expected: FF, FF]
[2026-04-09 11:11:25.833] [INFO] MagicBridge: 35 , 28 , 28 , 6A [ERROR - Expected: FF, FF]
[2026-04-09 11:11:25.833] [INFO] MagicBridge: 35 , 2A , 2A , 6A [ERROR - Expected: 0, 0]
[2026-04-09 11:11:25.834] [INFO] MagicBridge: 35 , 2C , 2C , 6A [ERROR - Expected: 0, 0]
[2026-04-09 11:11:25.834] [INFO] MagicBridge: 35 , 2E , 2E , 6A [ERROR - Expected: 0, 0]
[2026-04-09 11:11:25.835] [INFO] MagicBridge: 35 , 30 , 30 , 6A [ERROR - Expected: 0, 0]
[2026-04-09 11:11:25.837] [INFO] MagicBridge: 35 , 32 , 32 , 6A [ERROR - Expected: 0, 0]
[2026-04-09 11:11:25.837] [INFO] MagicBridge: 35 , 34 , 34 , 6A [ERROR - Expected: 0, 0]
[2026-04-09 11:11:25.838] [INFO] MagicBridge: 35 , 36 , 36 , 6A [ERROR - Expected: FF, FF]
[2026-04-09 11:11:25.839] [INFO] MagicBridge: 35 , 38 , 38 , 6A [ERROR - Expected: FF, FF]
[2026-04-09 11:11:25.840] [INFO] MagicBridge: 35 , 3A , 3A , 6A [ERROR - Expected: FF, FF]
[2026-04-09 11:11:25.841] [INFO] MagicBridge: 35 , 3C , 3C , 6A [ERROR - Expected: FF, FF]
[2026-04-09 11:11:25.841] [INFO] MagicBridge: 35 , 3E , 3E , 6A [ERROR - Expected: 0, 0]
[2026-04-09 11:11:25.842] [INFO] MagicBridge: 35 , 40 , 40 , 6A [ERROR - Expected: 0, 0]
[2026-04-09 11:11:25.843] [INFO] MagicBridge: 35 , 42 , 42 , 6A [ERROR - Expected: 0, 0]
[2026-04-09 11:11:25.843] [INFO] MagicBridge: 35 , 44 , 44 , 6A [ERROR - Expected: 0, 0]
[2026-04-09 11:11:25.844] [INFO] MagicBridge: 35 , 46 , 46 , 6A [ERROR - Expected: 0, 0]
[2026-04-09 11:11:25.845] [INFO] MagicBridge: 35 , 48 , 48 , 6A [ERROR - Expected: FF, FF]
[2026-04-09 11:11:25.845] [INFO] MagicBridge: 35 , 4A , 4A , 6A [ERROR - Expected: FF, FF]
[2026-04-09 11:11:25.846] [INFO] MagicBridge: 35 , 4C , 4C , 6A [ERROR - Expected: FF, FF]
[2026-04-09 11:11:25.847] [INFO] MagicBridge: 35 , 4E , 4E , 6A [ERROR - Expected: FF, FF]
[2026-04-09 11:11:25.848] [INFO] MagicBridge: 35 , 50 , 50 , 6A [ERROR - Expected: FF, FF]
[2026-04-09 11:11:25.848] [INFO] MagicBridge: 35 , 52 , 52 , 6A [ERROR - Expected: 0, 0]
[2026-04-09 11:11:25.849] [INFO] MagicBridge: 35 , 54 , 54 , 6A [ERROR - Expected: 0, 0]
[2026-04-09 11:11:25.850] [INFO] MagicBridge: 35 , 56 , 56 , 6A [ERROR - Expected: 0, 0]
[2026-04-09 11:11:25.850] [INFO] MagicBridge: 35 , 58 , 58 , 6A [ERROR - Expected: 0, 0]
[2026-04-09 11:11:25.851] [INFO] MagicBridge: 35 , 5A , 5A , 6A [ERROR - Expected: FF, FF]
[2026-04-09 11:11:25.854] [INFO] MagicBridge: 35 , 5C , 5C , 6A [ERROR - Expected: FF, FF]
[2026-04-09 11:11:25.855] [INFO] MagicBridge: 35 , 5E , 5E , 6A [ERROR - Expected: FF, FF]
[2026-04-09 11:11:25.856] [INFO] MagicBridge: 35 , 60 , 60 , 6A [ERROR - Expected: FF, FF]
[2026-04-09 11:11:25.856] [INFO] MagicBridge: 35 , 62 , 62 , 6A [ERROR - Expected: FF, FF]
[2026-04-09 11:11:25.858] [INFO] MagicBridge: 35 , 64 , 64 , 6A [ERROR - Expected: FF, FF]
[2026-04-09 11:11:25.858] [INFO] MagicBridge: 35 , 66 , 66 , 6A [ERROR - Expected: 0, 0]
[2026-04-09 11:11:25.859] [INFO] MagicBridge: 35 , 68 , 68 , 6A [ERROR - Expected: 0, 0]
[2026-04-09 11:11:25.859] [INFO] MagicBridge: 35 , 6A , 6A , 6A [ERROR - Expected: 0, 0]
[2026-04-09 11:11:25.860] [INFO] MagicBridge: 35 , 6C , 6C , 6A [ERROR - Expected: FF, FF]
[2026-04-09 11:11:25.860] [INFO] MagicBridge: 35 , 6E , 6E , 6A [ERROR - Expected: FF, FF]
[2026-04-09 11:11:25.862] [INFO] MagicBridge: 35 , 70 , 70 , 6A [ERROR - Expected: FF, FF]
[2026-04-09 11:11:25.863] [INFO] MagicBridge: 35 , 72 , 72 , 6A [ERROR - Expected: FF, FF]
[2026-04-09 11:11:25.863] [INFO] MagicBridge: 35 , 74 , 74 , 6A [ERROR - Expected: FF, FF]
[2026-04-09 11:11:25.864] [INFO] MagicBridge: 35 , 76 , 76 , 6A [ERROR - Expected: FF, FF]
[2026-04-09 11:11:25.864] [INFO] MagicBridge: 35 , 78 , 78 , 6A [ERROR - Expected: FF, FF]
[2026-04-09 11:11:25.865] [INFO] MagicBridge: 35 , 7A , 7A , 6A [ERROR - Expected: 0, 0]
[2026-04-09 11:11:25.866] [INFO] MagicBridge: 35 , 7C , 7C , 6A [ERROR - Expected: FF, FF]
[2026-04-09 11:11:25.866] [INFO] MagicBridge: 35 , 7E , 7E , 6A [ERROR - Expected: FF, FF]
[2026-04-09 11:11:25.868] [INFO] MagicBridge: 35 , 80 , 0 , 6B [ERROR - Expected: FF, FF]
[2026-04-09 11:11:25.868] [INFO] MagicBridge: 35 , 82 , 2 , 6B [ERROR - Expected: FF, FF]
[2026-04-09 11:11:25.869] [INFO] MagicBridge: 35 , 84 , 4 , 6B [ERROR - Expected: FF, FF]
[2026-04-09 11:11:25.869] [INFO] MagicBridge: 35 , 86 , 6 , 6B [ERROR - Expected: FF, FF]
[2026-04-09 11:11:25.870] [INFO] MagicBridge: 35 , 88 , 8 , 6B [ERROR - Expected: FF, FF]
[2026-04-09 11:11:25.870] [INFO] MagicBridge: 35 , 8A , A , 6B [ERROR - Expected: FF, FF]
[2026-04-09 11:11:25.871] [INFO] MagicBridge: 35 , 8C , C , 6B [ERROR - Expected: FF, FF]
[2026-04-09 11:11:25.871] [INFO] MagicBridge: 35 , 8E , E , 6B [ERROR - Expected: 0, 21]
[2026-04-09 11:11:25.872] [INFO] MagicBridge: 35 , 90 , 10 , 6B [ERROR - Expected: FF, FF]
[2026-04-09 11:11:25.872] [INFO] MagicBridge: 35 , 92 , 12 , 6B [ERROR - Expected: FF, FF]
[2026-04-09 11:11:25.874] [INFO] MagicBridge: 35 , 94 , 14 , 6B [ERROR - Expected: FF, FF]
[2026-04-09 11:11:25.874] [INFO] MagicBridge: 35 , 96 , 16 , 6B [ERROR - Expected: FF, FF]
[2026-04-09 11:11:25.874] [INFO] MagicBridge: 35 , 98 , 18 , 6B [ERROR - Expected: FF, FF]
[2026-04-09 11:11:25.875] [INFO] MagicBridge: 35 , 9A , 1A , 6B [ERROR - Expected: FF, FF]
[2026-04-09 11:11:25.876] [INFO] MagicBridge: 35 , 9C , 1C , 6B [ERROR - Expected: FF, FF]
[2026-04-09 11:11:25.876] [INFO] MagicBridge: 35 , 9E , 1E , 6B [ERROR - Expected: FF, FF]
[2026-04-09 11:11:25.877] [INFO] MagicBridge: 35 , A0 , 20 , 6B [ERROR - Expected: 0, 1]
[2026-04-09 11:11:25.878] [INFO] MagicBridge: 35 , A2 , 22 , 6B [ERROR - Expected: 0, 0]
[2026-04-09 11:11:25.878] [INFO] MagicBridge: 35 , A4 , 24 , 6B [ERROR - Expected: FF, FF]
[2026-04-09 11:11:25.879] [INFO] MagicBridge: 35 , A6 , 26 , 6B [ERROR - Expected: FF, FF]
[2026-04-09 11:11:25.879] [INFO] MagicBridge: 35 , A8 , 28 , 6B [ERROR - Expected: FF, FF]
[2026-04-09 11:11:25.881] [INFO] MagicBridge: 35 , AA , 2A , 6B [ERROR - Expected: FF, FF]
[2026-04-09 11:11:25.881] [INFO] MagicBridge: 35 , AC , 2C , 6B [ERROR - Expected: FF, FF]
[2026-04-09 11:11:25.882] [INFO] MagicBridge: 35 , AE , 2E , 6B [ERROR - Expected: FF, FF]
[2026-04-09 11:11:25.883] [INFO] MagicBridge: 35 , B0 , 30 , 6B [ERROR - Expected: FF, FF]
[2026-04-09 11:11:25.883] [INFO] MagicBridge: 35 , B2 , 32 , 6B [ERROR - Expected: 0, 1]
[2026-04-09 11:11:25.884] [INFO] MagicBridge: 35 , B4 , 34 , 6B [ERROR - Expected: 0, 0]
[2026-04-09 11:11:25.886] [INFO] MagicBridge: 35 , B6 , 36 , 6B [ERROR - Expected: 0, 0]
[2026-04-09 11:11:25.886] [INFO] MagicBridge: 35 , B8 , 38 , 6B [ERROR - Expected: FF, FF]
[2026-04-09 11:11:25.886] [INFO] MagicBridge: 35 , BA , 3A , 6B [ERROR - Expected: FF, FF]
[2026-04-09 11:11:25.887] [INFO] MagicBridge: 35 , BC , 3C , 6B [ERROR - Expected: FF, FF]
[2026-04-09 11:11:25.888] [INFO] MagicBridge: 35 , BE , 3E , 6B [ERROR - Expected: FF, FF]
[2026-04-09 11:11:25.889] [INFO] MagicBridge: 35 , C0 , 40 , 6B [ERROR - Expected: FF, FF]
[2026-04-09 11:11:25.890] [INFO] MagicBridge: 35 , C2 , 42 , 6B [ERROR - Expected: FF, FF]
[2026-04-09 11:11:25.890] [INFO] MagicBridge: 35 , C4 , 44 , 6B [ERROR - Expected: 0, 1]
[2026-04-09 11:11:25.891] [INFO] MagicBridge: 35 , C6 , 46 , 6B [ERROR - Expected: 0, 0]
[2026-04-09 11:11:25.892] [INFO] MagicBridge: 35 , C8 , 48 , 6B [ERROR - Expected: 0, 0]
[2026-04-09 11:11:25.892] [INFO] MagicBridge: 35 , CA , 4A , 6B [ERROR - Expected: 0, 0]
[2026-04-09 11:11:25.892] [INFO] MagicBridge: 35 , CC , 4C , 6B [ERROR - Expected: FF, FF]
[2026-04-09 11:11:25.893] [INFO] MagicBridge: 35 , CE , 4E , 6B [ERROR - Expected: FF, FF]
[2026-04-09 11:11:25.895] [INFO] MagicBridge: 35 , D0 , 50 , 6B [ERROR - Expected: FF, FF]
[2026-04-09 11:11:25.895] [INFO] MagicBridge: 35 , D2 , 52 , 6B [ERROR - Expected: FF, FF]
[2026-04-09 11:11:25.896] [INFO] MagicBridge: 35 , D4 , 54 , 6B [ERROR - Expected: FF, FF]
[2026-04-09 11:11:25.897] [INFO] MagicBridge: 35 , D6 , 56 , 6B [ERROR - Expected: 0, 1]
[2026-04-09 11:11:25.897] [INFO] MagicBridge: 35 , D8 , 58 , 6B [ERROR - Expected: 0, 0]
[2026-04-09 11:11:25.898] [INFO] MagicBridge: 35 , DA , 5A , 6B [ERROR - Expected: 0, 0]
[2026-04-09 11:11:25.898] [INFO] MagicBridge: 35 , DC , 5C , 6B [ERROR - Expected: 0, 0]
[2026-04-09 11:11:25.899] [INFO] MagicBridge: 35 , DE , 5E , 6B [ERROR - Expected: 0, 0]
[2026-04-09 11:11:25.899] [INFO] MagicBridge: 35 , E0 , 60 , 6B [ERROR - Expected: FF, FF]
[2026-04-09 11:11:25.900] [INFO] MagicBridge: 35 , E2 , 62 , 6B [ERROR - Expected: FF, FF]
[2026-04-09 11:11:25.901] [INFO] MagicBridge: 35 , E4 , 64 , 6B [ERROR - Expected: FF, FF]
[2026-04-09 11:11:25.901] [INFO] MagicBridge: 35 , E6 , 66 , 6B [ERROR - Expected: FF, FF]
[2026-04-09 11:11:25.901] [INFO] MagicBridge: 35 , E8 , 68 , 6B [ERROR - Expected: 0, 1]
[2026-04-09 11:11:25.904] [INFO] MagicBridge: 35 , EA , 6A , 6B [ERROR - Expected: 0, 0]
[2026-04-09 11:11:25.904] [INFO] MagicBridge: 35 , EC , 6C , 6B [ERROR - Expected: 0, 0]
[2026-04-09 11:11:25.905] [INFO] MagicBridge: 35 , EE , 6E , 6B [ERROR - Expected: 0, 0]
[2026-04-09 11:11:25.905] [INFO] MagicBridge: 35 , F0 , 70 , 6B [ERROR - Expected: 0, 0]
[2026-04-09 11:11:25.906] [INFO] MagicBridge: 35 , F2 , 72 , 6B [ERROR - Expected: 0, 0]
[2026-04-09 11:11:25.906] [INFO] MagicBridge: 35 , F4 , 74 , 6B [ERROR - Expected: FF, FF]
[2026-04-09 11:11:25.908] [INFO] MagicBridge: 35 , F6 , 76 , 6B [ERROR - Expected: FF, FF]
[2026-04-09 11:11:25.909] [INFO] MagicBridge: 35 , F8 , 78 , 6B [ERROR - Expected: FF, FF]
[2026-04-09 11:11:25.909] [INFO] MagicBridge: 35 , FA , 7A , 6B [ERROR - Expected: 0, 1]
[2026-04-09 11:11:25.910] [INFO] MagicBridge: 35 , FC , 7C , 6B [ERROR - Expected: 0, 0]
[2026-04-09 11:11:25.910] [INFO] MagicBridge: 35 , FE , 7E , 6B [ERROR - Expected: 0, 0]
[2026-04-09 11:11:25.911] [INFO] MagicBridge: 36 , 0 , 0 , 6C [ERROR - Expected: 0, 0]
[2026-04-09 11:11:25.912] [INFO] MagicBridge: 36 , 2 , 2 , 6C [ERROR - Expected: 0, 0]
[2026-04-09 11:11:25.913] [INFO] MagicBridge: 36 , 4 , 4 , 6C [ERROR - Expected: 0, 0]
[2026-04-09 11:11:25.913] [INFO] MagicBridge: 36 , 6 , 6 , 6C [ERROR - Expected: 0, 0]
[2026-04-09 11:11:25.914] [INFO] MagicBridge: 36 , 8 , 8 , 6C [ERROR - Expected: FF, FF]
[2026-04-09 11:11:25.914] [INFO] MagicBridge: 36 , A , A , 6C [ERROR - Expected: FF, FF]
[2026-04-09 11:11:25.915] [INFO] MagicBridge: 36 , C , C , 6C [ERROR - Expected: 0, 1]
[2026-04-09 11:11:25.915] [INFO] MagicBridge: 36 , E , E , 6C [ERROR - Expected: 0, 0]
[2026-04-09 11:11:25.916] [INFO] MagicBridge: 36 , 10 , 10 , 6C [ERROR - Expected: 0, 0]
[2026-04-09 11:11:25.917] [INFO] MagicBridge: 36 , 12 , 12 , 6C [ERROR - Expected: 0, 0]
[2026-04-09 11:11:25.918] [INFO] MagicBridge: 36 , 14 , 14 , 6C [ERROR - Expected: 0, 0]
[2026-04-09 11:11:25.918] [INFO] MagicBridge: 36 , 16 , 16 , 6C [ERROR - Expected: 0, 0]
[2026-04-09 11:11:25.919] [INFO] MagicBridge: 36 , 18 , 18 , 6C [ERROR - Expected: 0, 0]
[2026-04-09 11:11:25.920] [INFO] MagicBridge: 36 , 1A , 1A , 6C [ERROR - Expected: 0, 0]
[2026-04-09 11:11:25.921] [INFO] MagicBridge: 36 , 1C , 1C , 6C [ERROR - Expected: FF, FF]
[2026-04-09 11:11:25.922] [INFO] MagicBridge: 36 , 1E , 1E , 6C [ERROR - Expected: 0, FB]
[2026-04-09 11:11:25.922] [INFO] MagicBridge: 36 , 20 , 20 , 6C [ERROR - Expected: 0, 0]
[2026-04-09 11:11:25.923] [INFO] MagicBridge: 36 , 22 , 22 , 6C [ERROR - Expected: 0, 0]
[2026-04-09 11:11:25.923] [INFO] MagicBridge: 36 , 24 , 24 , 6C [ERROR - Expected: 0, 0]
[2026-04-09 11:11:25.924] [INFO] MagicBridge: 36 , 26 , 26 , 6C [ERROR - Expected: 0, 0]
[2026-04-09 11:11:25.925] [INFO] MagicBridge: 36 , 28 , 28 , 6C [ERROR - Expected: 0, 0]
[2026-04-09 11:11:25.926] [INFO] MagicBridge: 36 , 2A , 2A , 6C [ERROR - Expected: 0, 0]
[2026-04-09 11:11:25.926] [INFO] MagicBridge: 36 , 2C , 2C , 6C [ERROR - Expected: 0, 0]
[2026-04-09 11:11:25.927] [INFO] MagicBridge: 36 , 2E , 2E , 6C [ERROR - Expected: 0, 0]
[2026-04-09 11:11:25.927] [INFO] MagicBridge: 36 , 30 , 30 , 6C [ERROR - Expected: FF, FF]
[2026-04-09 11:11:25.928] [INFO] MagicBridge: 36 , 32 , 32 , 6C [ERROR - Expected: FF, FF]
[2026-04-09 11:11:25.929] [INFO] MagicBridge: 36 , 34 , 34 , 6C [ERROR - Expected: FF, FF]
[2026-04-09 11:11:25.930] [INFO] MagicBridge: 36 , 36 , 36 , 6C [ERROR - Expected: FF, FF]
[2026-04-09 11:11:25.931] [INFO] MagicBridge: 36 , 38 , 38 , 6C [ERROR - Expected: FF, FF]
[2026-04-09 11:11:25.931] [INFO] MagicBridge: 36 , 3A , 3A , 6C [ERROR - Expected: FF, FF]
[2026-04-09 11:11:25.932] [INFO] MagicBridge: 36 , 3C , 3C , 6C [ERROR - Expected: FF, FF]
[2026-04-09 11:11:25.932] [INFO] MagicBridge: 36 , 3E , 3E , 6C [ERROR - Expected: FF, FF]
[2026-04-09 11:11:25.933] [INFO] MagicBridge: 36 , 40 , 40 , 6C [ERROR - Expected: FF, FF]
[2026-04-09 11:11:25.934] [INFO] MagicBridge: 36 , 42 , 42 , 6C [ERROR - Expected: 0, 0]
[2026-04-09 11:11:25.935] [INFO] MagicBridge: 36 , 44 , 44 , 6C [ERROR - Expected: 0, 0]
[2026-04-09 11:11:25.936] [INFO] MagicBridge: 36 , 46 , 46 , 6C [ERROR - Expected: 0, 0]
[2026-04-09 11:11:25.937] [INFO] MagicBridge: 36 , 48 , 48 , 6C [ERROR - Expected: 0, 0]
[2026-04-09 11:11:25.937] [INFO] MagicBridge: 36 , 4A , 4A , 6C [ERROR - Expected: 0, 0]
[2026-04-09 11:11:25.938] [INFO] MagicBridge: 36 , 4C , 4C , 6C [ERROR - Expected: 0, 0]
[2026-04-09 11:11:25.939] [INFO] MagicBridge: 36 , 4E , 4E , 6C [ERROR - Expected: 0, 0]
[2026-04-09 11:11:25.939] [INFO] MagicBridge: 36 , 50 , 50 , 6C [ERROR - Expected: 0, 0]
[2026-04-09 11:11:25.940] [INFO] MagicBridge: 36 , 52 , 52 , 6C [ERROR - Expected: 0, 0]
[2026-04-09 11:11:25.941] [INFO] MagicBridge: 36 , 54 , 54 , 6C [ERROR - Expected: 0, 0]
[2026-04-09 11:11:25.941] [INFO] MagicBridge: 36 , 56 , 56 , 6C [ERROR - Expected: 0, 0]
[2026-04-09 11:11:25.942] [INFO] MagicBridge: 36 , 58 , 58 , 6C [ERROR - Expected: 0, 0]
[2026-04-09 11:11:25.942] [INFO] MagicBridge: 36 , 5A , 5A , 6C [ERROR - Expected: 0, 0]
[2026-04-09 11:11:25.943] [INFO] MagicBridge: 36 , 5C , 5C , 6C [ERROR - Expected: 0, 0]
[2026-04-09 11:11:25.944] [INFO] MagicBridge: 36 , 5E , 5E , 6C [ERROR - Expected: 0, 0]
[2026-04-09 11:11:25.945] [INFO] MagicBridge: 36 , 60 , 60 , 6C [ERROR - Expected: 0, 0]
[2026-04-09 11:11:25.946] [INFO] MagicBridge: 36 , 62 , 62 , 6C [ERROR - Expected: 0, 0]
[2026-04-09 11:11:25.947] [INFO] MagicBridge: 36 , 64 , 64 , 6C [ERROR - Expected: 0, 0]
[2026-04-09 11:11:25.947] [INFO] MagicBridge: 36 , 66 , 66 , 6C [ERROR - Expected: 0, 0]
[2026-04-09 11:11:25.948] [INFO] MagicBridge: 36 , 68 , 68 , 6C [ERROR - Expected: 0, 0]
[2026-04-09 11:11:25.948] [INFO] MagicBridge: 36 , 6A , 6A , 6C [ERROR - Expected: 0, 0]
[2026-04-09 11:11:25.948] [INFO] MagicBridge: 36 , 6C , 6C , 6C [ERROR - Expected: 0, 0]
[2026-04-09 11:11:25.949] [INFO] MagicBridge: 36 , 6E , 6E , 6C [ERROR - Expected: 0, 0]
[2026-04-09 11:11:25.950] [INFO] MagicBridge: 36 , 70 , 70 , 6C [ERROR - Expected: 0, 0]
[2026-04-09 11:11:25.950] [INFO] MagicBridge: 36 , 72 , 72 , 6C [ERROR - Expected: 0, 0]
[2026-04-09 11:11:25.952] [INFO] MagicBridge: 36 , 74 , 74 , 6C [ERROR - Expected: 0, 0]
[2026-04-09 11:11:25.952] [INFO] MagicBridge: 36 , 76 , 76 , 6C [ERROR - Expected: 0, 0]
[2026-04-09 11:11:25.953] [INFO] MagicBridge: 36 , 78 , 78 , 6C [ERROR - Expected: 0, 0]
[2026-04-09 11:11:25.954] [INFO] MagicBridge: 36 , 7A , 7A , 6C [ERROR - Expected: 0, 0]
[2026-04-09 11:11:25.954] [INFO] MagicBridge: 36 , 7C , 7C , 6C [ERROR - Expected: 0, 0]
[2026-04-09 11:11:25.955] [INFO] MagicBridge: 36 , 7E , 7E , 6C [ERROR - Expected: 0, 0]
[2026-04-09 11:11:25.955] [INFO] MagicBridge: 36 , 80 , 0 , 6D [ERROR - Expected: 0, 0]
[2026-04-09 11:11:25.956] [INFO] MagicBridge: 36 , 82 , 2 , 6D [ERROR - Expected: 0, 0]
[2026-04-09 11:11:25.957] [INFO] MagicBridge: 36 , 84 , 4 , 6D [ERROR - Expected: 0, 0]
[2026-04-09 11:11:25.957] [INFO] MagicBridge: 36 , 86 , 6 , 6D [ERROR - Expected: 0, 0]
[2026-04-09 11:11:25.958] [INFO] MagicBridge: 36 , 88 , 8 , 6D [ERROR - Expected: 0, 0]
[2026-04-09 11:11:25.958] [INFO] MagicBridge: 36 , 8A , A , 6D [ERROR - Expected: 0, 0]
[2026-04-09 11:11:25.959] [INFO] MagicBridge: 36 , 8C , C , 6D [ERROR - Expected: 0, 0]
[2026-04-09 11:11:25.959] [INFO] MagicBridge: 36 , 8E , E , 6D [ERROR - Expected: 0, 0]
[2026-04-09 11:11:25.961] [INFO] MagicBridge: 36 , 90 , 10 , 6D [ERROR - Expected: 0, 0]
[2026-04-09 11:11:25.962] [INFO] MagicBridge: 36 , 92 , 12 , 6D [ERROR - Expected: 0, 0]
[2026-04-09 11:11:25.962] [INFO] MagicBridge: 36 , 94 , 14 , 6D [ERROR - Expected: 0, 0]
[2026-04-09 11:11:25.963] [INFO] MagicBridge: 36 , 96 , 16 , 6D [ERROR - Expected: 0, 0]
[2026-04-09 11:11:25.964] [INFO] MagicBridge: 36 , 98 , 18 , 6D [ERROR - Expected: 0, 0]
[2026-04-09 11:11:25.964] [INFO] MagicBridge: 36 , 9A , 1A , 6D [ERROR - Expected: 0, 0]
[2026-04-09 11:11:25.964] [INFO] MagicBridge: 36 , 9C , 1C , 6D [ERROR - Expected: 0, 0]
[2026-04-09 11:11:25.965] [INFO] MagicBridge: 36 , 9E , 1E , 6D [ERROR - Expected: 0, 0]
[2026-04-09 11:11:25.966] [INFO] MagicBridge: 36 , A0 , 20 , 6D [ERROR - Expected: 0, 0]
[2026-04-09 11:11:25.966] [INFO] MagicBridge: 36 , A2 , 22 , 6D [ERROR - Expected: 0, 0]
[2026-04-09 11:11:25.967] [INFO] MagicBridge: 36 , A4 , 24 , 6D [ERROR - Expected: 0, 0]
[2026-04-09 11:11:25.968] [INFO] MagicBridge: 36 , A6 , 26 , 6D [ERROR - Expected: 0, 0]
[2026-04-09 11:11:25.968] [INFO] MagicBridge: 36 , A8 , 28 , 6D [ERROR - Expected: 0, 0]
[2026-04-09 11:11:25.969] [INFO] MagicBridge: 36 , AA , 2A , 6D [ERROR - Expected: 0, 0]
[2026-04-09 11:11:25.970] [INFO] MagicBridge: 36 , AC , 2C , 6D [ERROR - Expected: 0, 0]
[2026-04-09 11:11:25.970] [INFO] MagicBridge: 36 , 0, 0]
[2026-04-09 11:11:25.972] [INFO] MagicBridge: 36 , B4 , 34 , 6D [ERROR - Expected: 0, 0]
[2026-04-09 11:11:25.972] [INFO] MagicBridge: 36 , B6 , 36 , 6D [ERROR - Expected: 0, 0]
[2026-04-09 11:11:25.973] [INFO] MagicBridge: 36 , B8 , 38 , 6D [ERROR - Expected: 0, 0]
[2026-04-09 11:11:25.973] [INFO] MagicBridge: 36 , BA , 3A , 6D [ERROR - Expected: 0, 0]
[2026-04-09 11:11:25.974] [INFO] MagicBridge: 36 , BC , 3C , 6D [ERROR - Expected: 0, 0]
[2026-04-09 11:11:25.974] [INFO] MagicBridge: 36 , BE , 3E , 6D [ERROR - Expected: 0, 0]
[2026-04-09 11:11:25.975] [INFO] MagicBridge: 36 , C0 , 40 , 6D [ERROR - Expected: 0, 0]
[2026-04-09 11:11:25.975] [INFO] MagicBridge: 36 , C2 , 42 , 6D [ERROR - Expected: 0, 0]
[2026-04-09 11:11:25.976] [INFO] MagicBridge: 36 , C4 , 44 , 6D [ERROR - Expected: 0, 0]
[2026-04-09 11:11:25.977] [INFO] MagicBridge: 36 , C6 , 46 , 6D [ERROR - Expected: 0, 0]
[2026-04-09 11:11:25.978] [INFO] MagicBridge: 36 , C8 , 48 , 6D [ERROR - Expected: 0, 0]
[2026-04-09 11:11:25.978] [INFO] MagicBridge: 36 , CA , 4A , 6D [ERROR - Expected: 0, 0]
[2026-04-09 11:11:25.979] [INFO] MagicBridge: 36 , CC , 4C , 6D [ERROR - Expected: 0, 0]
[2026-04-09 11:11:25.980] [INFO] MagicBridge: 36 , CE , 4E , 6D [ERROR - Expected: 0, 0]
[2026-04-09 11:11:25.980] [INFO] MagicBridge: 36 , D0 , 50 , 6D [ERROR - Expected: 0, 0]
[2026-04-09 11:11:25.981] [INFO] MagicBridge: 36 , D2 , 52 , 6D [ERROR - Expected: 0, 0]
[2026-04-09 11:11:25.981] [INFO] MagicBridge: 36 , D4 , 54 , 6D [ERROR - Expected: 0, 0]
[2026-04-09 11:11:25.982] [INFO] MagicBridge: 36 , D6 , 56 , 6D [ERROR - Expected: 0, 0]
[2026-04-09 11:11:25.983] [INFO] MagicBridge: 36 , D8 , 58 , 6D [ERROR - Expected: 0, 0]
[2026-04-09 11:11:25.984] [INFO] MagicBridge: 36 , DA , 5A , 6D [ERROR - Expected: 0, 0]
[2026-04-09 11:11:25.988] [INFO] MagicBridge: 36 , DC , 5C , 6D [ERROR - Expected: 0, 0]
[2026-04-09 11:11:26.090] [INFO] MagicBridge: 36 , DE , 5E , 6D [ERROR - Expected: 0, 0]
[2026-04-09 11:11:26.095] [INFO] MagicBridge: 36 , E0 , 60 , 6D [ERROR - Expected: 0, 0]
[2026-04-09 11:11:26.097] [INFO] MagicBridge: 36 , E2 , 62 , 6D [ERROR - Expected: 0, 0]
[2026-04-09 11:11:26.099] [INFO] MagicBridge: 36 , E4 , 64 , 6D [ERROR - Expected: 0, 0]
[2026-04-09 11:11:26.101] [INFO] MagicBridge: 36 , E6 , 66 , 6D [ERROR - Expected: 0, 0]
[2026-04-09 11:11:26.104] [INFO] MagicBridge: 36 , E8 , 68 , 6D [ERROR - Expected: 0, 0]
[2026-04-09 11:11:26.105] [INFO] MagicBridge: 36 , EA , 6A , 6D [ERROR - Expected: 0, 0]
[2026-04-09 11:11:26.108] [INFO] MagicBridge: 36 , EC , 6C , 6D [ERROR - Expected: 0, 0]
[2026-04-09 11:11:26.109] [INFO] MagicBridge: 36 , EE , 6E , 6D [ERROR - Expected: 0, 0]
[2026-04-09 11:11:26.114] [INFO] MagicBridge: 36 , F0 , 70 , 6D [ERROR - Expected: 0, 0]
[2026-04-09 11:11:26.118] [INFO] MagicBridge: 36 , F2 , 72 , 6D [ERROR - Expected: 0, 0]
[2026-04-09 11:11:26.120] [INFO] MagicBridge: 36 , F4 , 74 , 6D [ERROR - Expected: 0, 0]
[2026-04-09 11:11:26.123] [INFO] MagicBridge: 36 , F6 , 76 , 6D [ERROR - Expected: 0, 0]
[2026-04-09 11:11:26.127] [INFO] MagicBridge: 36 , F8 , 78 , 6D [ERROR - Expected: 0, 0]
[2026-04-09 11:11:26.128] [INFO] MagicBridge: 36 , FA , 7A , 6D [ERROR - Expected: 0, 0]
[2026-04-09 11:11:26.128] [INFO] MagicBridge: 36 , FC , 7C , 6D [ERROR - Expected: 0, 0]
[2026-04-09 11:11:26.129] [INFO] MagicBridge: 36 , FE , 7E , 6D [ERROR - Expected: 0, 0]
[2026-04-09 11:11:26.129] [INFO] MagicBridge: 37 , 0 , 0 , 6E [ERROR - Expected: 0, 0]
[2026-04-09 11:11:26.130] [INFO] MagicBridge: 37 , 2 , 2 , 6E [ERROR - Expected: 0, 0]
[2026-04-09 11:11:26.131] [INFO] MagicBridge: 37 , 4 , 4 , 6E [ERROR - Expected: 0, 0]
[2026-04-09 11:11:26.233] [INFO] MagicBridge: 37 , 6 , 6 , 6E [ERROR - Expected: 0, 0]
[2026-04-09 11:11:26.238] [INFO] MagicBridge: 37 , 8 , 8 , 6E [ERROR - Expected: 0, 0]
[2026-04-09 11:11:26.240] [INFO] MagicBridge: 37 , A , A , 6E [ERROR - Expected: 0, 0]
[2026-04-09 11:11:26.242] [INFO] MagicBridge: 37 , C , C , 6E [ERROR - Expected: 0, 0]
[2026-04-09 11:11:26.245] [INFO] MagicBridge: 37 , E , E , 6E [ERROR - Expected: 0, 0]
[2026-04-09 11:11:26.247] [INFO] MagicBridge: 37 , 10 , 10 , 6E [ERROR - Expected: 0, 0]
[2026-04-09 11:11:26.249] [INFO] MagicBridge: 37 , 12 , 12 , 6E [ERROR - Expected: 0, 0]
[2026-04-09 11:11:26.250] [INFO] MagicBridge: 37 , 14 , 14 , 6E [ERROR - Expected: 0, 0]
[2026-04-09 11:11:26.251] [INFO] MagicBridge: 37 , 16 , 16 , 6E [ERROR - Expected: 0, 0]
[2026-04-09 11:11:26.251] [INFO] MagicBridge: 37 , 18 , 18 , 6E [ERROR - Expected: 0, 0]
[2026-04-09 11:11:26.253] [INFO] MagicBridge: 37 , 1A , 1A , 6E [ERROR - Expected: 0, 0]
[2026-04-09 11:11:26.254] [INFO] MagicBridge: 37 , 1C , 1C , 6E [ERROR - Expected: 0, 0]
[2026-04-09 11:11:26.254] [INFO] MagicBridge: 37 , 1E , 1E , 6E [ERROR - Expected: 0, 0]
[2026-04-09 11:11:26.255] [INFO] MagicBridge: 37 , 20 , 20 , 6E [ERROR - Expected: 0, 0]
[2026-04-09 11:11:26.256] [INFO] MagicBridge: 37 , 22 , 22 , 6E [ERROR - Expected: 0, 0]
[2026-04-09 11:11:26.256] [INFO] MagicBridge: 37 , 24 , 24 , 6E [ERROR - Expected: 0, 0]
[2026-04-09 11:11:26.258] [INFO] MagicBridge: 37 , 26 , 26 , 6E [ERROR - Expected: 0, 0]
[2026-04-09 11:11:26.259] [INFO] MagicBridge: 37 , 28 , 28 , 6E [ERROR - Expected: 0, 0]
[2026-04-09 11:11:26.264] [INFO] MagicBridge: 37 , 2A , 2A , 6E [ERROR - Expected: 0, 0]
[2026-04-09 11:11:26.270] [INFO] MagicBridge: 37 , 2C , 2C , 6E [ERROR - Expected: 0, 0]
[2026-04-09 11:11:26.277] [INFO] MagicBridge: 37 , 2E , 2E , 6E [ERROR - Expected: 0, 0]
[2026-04-09 11:11:26.285] [INFO] MagicBridge: 37 , 30 , 30 , 6E [ERROR - Expected: 0, 0]
[2026-04-09 11:11:26.386] [INFO] MagicBridge: 37 , 32 , 32 , 6E [ERROR - Expected: 0, 0]
[2026-04-09 11:11:26.390] [INFO] MagicBridge: 37 , 34 , 34 , 6E [ERROR - Expected: 0, 0]
[2026-04-09 11:11:26.393] [INFO] MagicBridge: 37 , 36 , 36 , 6E [ERROR - Expected: 0, 0]
[2026-04-09 11:11:26.398] [INFO] MagicBridge: 37 , 38 , 38 , 6E [ERROR - Expected: 0, 0]
[2026-04-09 11:11:26.399] [INFO] MagicBridge: 37 , 3A , 3A , 6E [ERROR - Expected: 0, 0]
[2026-04-09 11:11:26.401] [INFO] MagicBridge: 37 , 3C , 3C , 6E [ERROR - Expected: 0, 0]
[2026-04-09 11:11:26.402] [INFO] MagicBridge: 37 , 3E , 3E , 6E [ERROR - Expected: 0, 0]
[2026-04-09 11:11:26.403] [INFO] MagicBridge: 37 , 40 , 40 , 6E [ERROR - Expected: 0, 0]
[2026-04-09 11:11:26.404] [INFO] MagicBridge: 37 , 42 , 42 , 6E [ERROR - Expected: 0, 0]
[2026-04-09 11:11:26.405] [INFO] MagicBridge: 37 , 44 , 44 , 6E [ERROR - Expected: 0, 0]
[2026-04-09 11:11:26.406] [INFO] MagicBridge: 37 , 46 , 46 , 6E [ERROR - Expected: 0, 0]
[2026-04-09 11:11:26.407] [INFO] MagicBridge: 37 , 48 , 48 , 6E [ERROR - Expected: 0, 0]
[2026-04-09 11:11:26.407] [INFO] MagicBridge: 37 , 4A , 4A , 6E [ERROR - Expected: 0, 0]
[2026-04-09 11:11:26.408] [INFO] MagicBridge: 37 , 4C , 4C , 6E [ERROR - Expected: 0, 0]
[2026-04-09 11:11:26.409] [INFO] MagicBridge: 37 , 4E , 4E , 6E [ERROR - Expected: 0, 0]
[2026-04-09 11:11:26.409] [INFO] MagicBridge: 37 , 50 , 50 , 6E [ERROR - Expected: 0, 0]
[2026-04-09 11:11:26.409] [INFO] MagicBridge: 37 , 52 , 52 , 6E [ERROR - Expected: 0, 0]
[2026-04-09 11:11:26.411] [INFO] MagicBridge: 37 , 54 , 54 , 6E [ERROR - Expected: 0, 0]
[2026-04-09 11:11:26.514] [INFO] MagicBridge: 37 , 56 , 56 , 6E [ERROR - Expected: 0, 0]
[2026-04-09 11:11:26.517] [INFO] MagicBridge: 37 , 58 , 58 , 6E [ERROR - Expected: 0, 0]
[2026-04-09 11:11:26.519] [INFO] MagicBridge: 37 , 5A , 5A , 6E [ERROR - Expected: 0, 0]
[2026-04-09 11:11:26.520] [INFO] MagicBridge: 37 , 5C , 5C , 6E [ERROR - Expected: 0, 0]
[2026-04-09 11:11:26.523] [INFO] MagicBridge: 37 , 5E , 5E , 6E [ERROR - Expected: 0, 0]
[2026-04-09 11:11:26.524] [INFO] MagicBridge: 37 , 60 , 60 , 6E [ERROR - Expected: 0, 0]
[2026-04-09 11:11:26.527] [INFO] MagicBridge: 37 , 62 , 62 , 6E [ERROR - Expected: 0, 0]
[2026-04-09 11:11:26.528] [INFO] MagicBridge: 37 , 64 , 64 , 6E [ERROR - Expected: 0, 0]
[2026-04-09 11:11:26.529] [INFO] MagicBridge: 37 , 66 , 66 , 6E [ERROR - Expected: 0, 0]
[2026-04-09 11:11:26.531] [INFO] MagicBridge: 37 , 68 , 68 , 6E [ERROR - Expected: 0, 0]
[2026-04-09 11:11:26.533] [INFO] MagicBridge: 37 , 6A , 6A , 6E [ERROR - Expected: 0, 0]
[2026-04-09 11:11:26.535] [INFO] MagicBridge: 37 , 6C , 6C , 6E [ERROR - Expected: 0, 0]
[2026-04-09 11:11:26.536] [INFO] MagicBridge: 37 , 6E , 6E , 6E [ERROR - Expected: 0, 0]
[2026-04-09 11:11:26.536] [INFO] MagicBridge: 37 , 70 , 70 , 6E [ERROR - Expected: 0, 0]
[2026-04-09 11:11:26.537] [INFO] MagicBridge: 37 , 72 , 72 , 6E [ERROR - Expected: 0, 0]
[2026-04-09 11:11:26.537] [INFO] MagicBridge: 37 , 74 , 74 , 6E [ERROR - Expected: 0, 0]
[2026-04-09 11:11:26.539] [INFO] MagicBridge: 37 , 76 , 76 , 6E [ERROR - Expected: 0, 0]
[2026-04-09 11:11:26.539] [INFO] MagicBridge: 37 , 78 , 78 , 6E [ERROR - Expected: 0, 0]
[2026-04-09 11:11:26.641] [INFO] MagicBridge: 37 , 7A , 7A , 6E [ERROR - Expected: 0, 0]
[2026-04-09 11:11:26.645] [INFO] MagicBridge: 37 , 7C , 7C , 6E [ERROR - Expected: 0, 0]
[2026-04-09 11:11:26.646] [INFO] MagicBridge: 37 , 7E , 7E , 6E [ERROR - Expected: 0, 0]
[2026-04-09 11:11:26.650] [INFO] MagicBridge: 37 , 80 , 0 , 6F [ERROR - Expected: 0, 0]
[2026-04-09 11:11:26.652] [INFO] MagicBridge: 37 , 82 , 2 , 6F [ERROR - Expected: 0, 0]
[2026-04-09 11:11:26.653] [INFO] MagicBridge: 37 , 84 , 4 , 6F [ERROR - Expected: 0, 0]
[2026-04-09 11:11:26.657] [INFO] MagicBridge: 37 , 86 , 6 , 6F [ERROR - Expected: 0, 0]
[2026-04-09 11:11:26.658] [INFO] MagicBridge: 37 , 88 , 8 , 6F [ERROR - Expected: 0, 0]
[2026-04-09 11:11:26.659] [INFO] MagicBridge: 37 , 8A , A , 6F [ERROR - Expected: 0, 0]
[2026-04-09 11:11:26.661] [INFO] MagicBridge: 37 , 8C , C , 6F [ERROR - Expected: 0, 0]
[2026-04-09 11:11:26.662] [INFO] MagicBridge: 37 , 8E , E , 6F [ERROR - Expected: 0, 0]
[2026-04-09 11:11:26.662] [INFO] MagicBridge: 37 , 90 , 10 , 6F [ERROR - Expected: 0, 0]
[2026-04-09 11:11:26.664] [INFO] MagicBridge: 37 , 92 , 12 , 6F [ERROR - Expected: 0, 0]
[2026-04-09 11:11:26.664] [INFO] MagicBridge: 37 , 94 , 14 , 6F [ERROR - Expected: 0, 0]
[2026-04-09 11:11:26.665] [INFO] MagicBridge: 37 , 96 , 16 , 6F [ERROR - Expected: 0, 0]
[2026-04-09 11:11:26.667] [INFO] MagicBridge: 37 , 98 , 18 , 6F [ERROR - Expected: 0, 0]
[2026-04-09 11:11:26.667] [INFO] MagicBridge: 37 , 9A , 1A , 6F [ERROR - Expected: 0, 0]
[2026-04-09 11:11:26.668] [INFO] MagicBridge: 37 , 9C , 1C , 6F [ERROR - Expected: 0, 0]
[2026-04-09 11:11:26.672] [INFO] MagicBridge: 37 , 9E , 1E , 6F [ERROR - Expected: 0, 0]
[2026-04-09 11:11:26.680] [INFO] MagicBridge: 37 , A0 , 20 , 6F [ERROR - Expected: 0, 0]
[2026-04-09 11:11:26.686] [INFO] MagicBridge: 37 , A2 , 22 , 6F [ERROR - Expected: 0, 0]
[2026-04-09 11:11:26.787] [INFO] MagicBridge: 37 , A4 , 24 , 6F [ERROR - Expected: 0, 0]
[2026-04-09 11:11:26.789] [INFO] MagicBridge: 37 , A6 , 26 , 6F [ERROR - Expected: 0, 0]
[2026-04-09 11:11:26.792] [INFO] MagicBridge: 37 , A8 , 28 , 6F [ERROR - Expected: 0, 0]
[2026-04-09 11:11:26.793] [INFO] MagicBridge: 37 , AA , 2A , 6F [ERROR - Expected: 0, 0]
[2026-04-09 11:11:26.797] [INFO] MagicBridge: 37 , AC , 2C , 6F [ERROR - Expected: 0, 0]
[2026-04-09 11:11:26.797] [INFO] MagicBridge: 37 , AE , 2E , 6F [ERROR - Expected: 0, 0]
[2026-04-09 11:11:26.799] [INFO] MagicBridge: 37 , B0 , 30 , 6F [ERROR - Expected: 0, 0]
[2026-04-09 11:11:26.801] [INFO] MagicBridge: 37 , B2 , 32 , 6F [ERROR - Expected: 0, 0]
[2026-04-09 11:11:26.802] [INFO] MagicBridge: 37 , B4 , 34 , 6F [ERROR - Expected: 0, 0]
[2026-04-09 11:11:26.802] [INFO] MagicBridge: 37 , B6 , 36 , 6F [ERROR - Expected: 0, 0]
[2026-04-09 11:11:26.803] [INFO] MagicBridge: 37 , B8 , 38 , 6F [ERROR - Expected: 0, 0]
[2026-04-09 11:11:26.804] [INFO] MagicBridge: 37 , BA , 3A , 6F [ERROR - Expected: 0, 0]
[2026-04-09 11:11:26.805] [INFO] MagicBridge: 37 , BC , 3C , 6F [ERROR - Expected: 0, 0]
[2026-04-09 11:11:26.806] [INFO] MagicBridge: 37 , BE , 3E , 6F [ERROR - Expected: 0, 0]
[2026-04-09 11:11:26.806] [INFO] MagicBridge: 37 , C0 , 40 , 6F [ERROR - Expected: 0, 0]
[2026-04-09 11:11:26.808] [INFO] MagicBridge: 37 , C2 , 42 , 6F [ERROR - Expected: 0, 0]
[2026-04-09 11:11:26.808] [INFO] MagicBridge: 37 , C4 , 44 , 6F [ERROR - Expected: 0, 0]
[2026-04-09 11:11:26.814] [INFO] MagicBridge: 37 , C6 , 46 , 6F [ERROR - Expected: 0, 0]
[2026-04-09 11:11:26.916] [INFO] MagicBridge: 37 , C8 , 48 , 6F [ERROR - Expected: 0, 0]
[2026-04-09 11:11:26.919] [INFO] MagicBridge: 37 , CA , 4A , 6F [ERROR - Expected: 0, 0]
[2026-04-09 11:11:26.921] [INFO] MagicBridge: 37 , CC , 4C , 6F [ERROR - Expected: 0, 0]
[2026-04-09 11:11:26.923] [INFO] MagicBridge: 37 , CE , 4E , 6F [ERROR - Expected: 0, 0]
[2026-04-09 11:11:26.927] [INFO] MagicBridge: 37 , D0 , 50 , 6F [ERROR - Expected: 0, 0]
[2026-04-09 11:11:26.928] [INFO] MagicBridge: 37 , D2 , 52 , 6F [ERROR - Expected: 0, 0]
[2026-04-09 11:11:26.929] [INFO] MagicBridge: 37 , D4 , 54 , 6F [ERROR - Expected: 0, 0]
[2026-04-09 11:11:26.932] [INFO] MagicBridge: 37 , D6 , 56 , 6F [ERROR - Expected: 0, 0]
[2026-04-09 11:11:26.933] [INFO] MagicBridge: 37 , D8 , 58 , 6F [ERROR - Expected: 0, 0]
[2026-04-09 11:11:26.936] [INFO] MagicBridge: 37 , DA , 5A , 6F [ERROR - Expected: 0, 0]
[2026-04-09 11:11:26.936] [INFO] MagicBridge: 37 , DC , 5C , 6F [ERROR - Expected: 0, 0]
[2026-04-09 11:11:26.939] [INFO] MagicBridge: 37 , DE , 5E , 6F [ERROR - Expected: 0, 0]
[2026-04-09 11:11:26.940] [INFO] MagicBridge: 37 , E0 , 60 , 6F [ERROR - Expected: 0, 0]
[2026-04-09 11:11:26.941] [INFO] MagicBridge: 37 , E2 , 62 , 6F [ERROR - Expected: 0, 0]
[2026-04-09 11:11:26.942] [INFO] MagicBridge: 37 , E4 , 64 , 6F [ERROR - Expected: 0, 0]
[2026-04-09 11:11:26.943] [INFO] MagicBridge: 37 , E6 , 66 , 6F [ERROR - Expected: 0, 0]
[2026-04-09 11:11:26.945] [INFO] MagicBridge: 37 , E8 , 68 , 6F [ERROR - Expected: 0, 0]
[2026-04-09 11:11:26.945] [INFO] MagicBridge: 37 , EA , 6A , 6F [ERROR - Expected: 0, 0]
[2026-04-09 11:11:26.947] [INFO] MagicBridge: 37 , EC , 6C , 6F [ERROR - Expected: 0, 0]
[2026-04-09 11:11:27.049] [INFO] MagicBridge: 37 , EE , 6E , 6F [ERROR - Expected: 0, 0]
[2026-04-09 11:11:27.052] [INFO] MagicBridge: 37 , F0 , 70 , 6F [ERROR - Expected: 0, 0]
[2026-04-09 11:11:27.055] [INFO] MagicBridge: 37 , F2 , 72 , 6F [ERROR - Expected: 0, 0]
[2026-04-09 11:11:27.056] [INFO] MagicBridge: 37 , F4 , 74 , 6F [ERROR - Expected: 0, 0]
[2026-04-09 11:11:27.058] [INFO] MagicBridge: 37 , F6 , 76 , 6F [ERROR - Expected: 0, 0]
[2026-04-09 11:11:27.059] [INFO] MagicBridge: 37 , F8 , 78 , 6F [ERROR - Expected: 0, 0]
[2026-04-09 11:11:27.060] [INFO] MagicBridge: 37 , FA , 7A , 6F [ERROR - Expected: 0, 0]
[2026-04-09 11:11:27.061] [INFO] MagicBridge: 37 , FC , 7C , 6F [ERROR - Expected: 0, 0]
[2026-04-09 11:11:27.062] [INFO] MagicBridge: 37 , FE , 7E , 6F [ERROR - Expected: 0, 0]
[2026-04-09 11:11:27.063] [INFO] MagicBridge: 38 , 0 , 0 , 70 [ERROR - Expected: 0, 0]
[2026-04-09 11:11:27.064] [INFO] MagicBridge: 38 , 2 , 2 , 70 [ERROR - Expected: 0, 0]
[2026-04-09 11:11:27.066] [INFO] MagicBridge: 38 , 4 , 4 , 70 [ERROR - Expected: 0, 0]
[2026-04-09 11:11:27.066] [INFO] MagicBridge: 38 , 6 , 6 , 70 [ERROR - Expected: 0, 0]
[2026-04-09 11:11:27.067] [INFO] MagicBridge: 38 , 8 , 8 , 70 [ERROR - Expected: 0, 0]
[2026-04-09 11:11:27.067] [INFO] MagicBridge: 38 , A , A , 70 [ERROR - Expected: 0, 0]
[2026-04-09 11:11:27.068] [INFO] MagicBridge: 38 , C , C , 70 [ERROR - Expected: 0, 0]
[2026-04-09 11:11:27.068] [INFO] MagicBridge: 38 , E , E , 70 [ERROR - Expected: 0, 0]
[2026-04-09 11:11:27.074] [INFO] MagicBridge: 38 , 10 , 10 , 70 [ERROR - Expected: 0, 0]
[2026-04-09 11:11:27.081] [INFO] MagicBridge: 38 , 12 , 12 , 70 [ERROR - Expected: 0, 0]
[2026-04-09 11:11:27.088] [INFO] MagicBridge: 38 , 14 , 14 , 70 [ERROR - Expected: 0, 0]
[2026-04-09 11:11:27.095] [INFO] MagicBridge: 38 , 16 , 16 , 70 [ERROR - Expected: 0, 0]
[2026-04-09 11:11:27.102] [INFO] MagicBridge: 38 , 18 , 18 , 70 [ERROR - Expected: 0, 0]
[2026-04-09 11:11:27.109] [INFO] MagicBridge: 38 , 1A , 1A , 70 [ERROR - Expected: 0, 0]
[2026-04-09 11:11:27.212] [INFO] MagicBridge: 38 , 1C , 1C , 70 [ERROR - Expected: 0, 0]
[2026-04-09 11:11:27.216] [INFO] MagicBridge: 38 , 1E , 1E , 70 [ERROR - Expected: 0, 0]
[2026-04-09 11:11:27.218] [INFO] MagicBridge: 38 , 20 , 20 , 70 [ERROR - Expected: 0, 0]
[2026-04-09 11:11:27.220] [INFO] MagicBridge: 38 , 22 , 22 , 70 [ERROR - Expected: 0, 0]
[2026-04-09 11:11:27.222] [INFO] MagicBridge: 38 , 24 , 24 , 70 [ERROR - Expected: 0, 0]
[2026-04-09 11:11:27.227] [INFO] MagicBridge: 38 , 26 , 26 , 70 [ERROR - Expected: 0, 0]
[2026-04-09 11:11:27.228] [INFO] MagicBridge: 38 , 28 , 28 , 70 [ERROR - Expected: 0, 0]
[2026-04-09 11:11:27.231] [INFO] MagicBridge: 38 , 2A , 2A , 70 [ERROR - Expected: 0, 0]
[2026-04-09 11:11:27.232] [INFO] MagicBridge: 38 , 2C , 2C , 70 [ERROR - Expected: 0, 0]
[2026-04-09 11:11:27.233] [INFO] MagicBridge: 38 , 2E , 2E , 70 [ERROR - Expected: 0, 0]
[2026-04-09 11:11:27.235] [INFO] MagicBridge: 38 , 30 , 30 , 70 [ERROR - Expected: 0, 0]
[2026-04-09 11:11:27.236] [INFO] MagicBridge: 38 , 32 , 32 , 70 [ERROR - Expected: 0, 0]
[2026-04-09 11:11:27.237] [INFO] MagicBridge: 38 , 34 , 34 , 70 [ERROR - Expected: 0, 0]
[2026-04-09 11:11:27.237] [INFO] MagicBridge: 38 , 36 , 36 , 70 [ERROR - Expected: 0, 0]
[2026-04-09 11:11:27.239] [INFO] MagicBridge: 38 , 38 , 38 , 70 [ERROR - Expected: 0, 0]
[2026-04-09 11:11:27.239] [INFO] MagicBridge: 38 , 3A , 3A , 70 [ERROR - Expected: 0, 0]
[2026-04-09 11:11:27.240] [INFO] MagicBridge: 38 , 3C , 3C , 70 [ERROR - Expected: 0, 0]
[2026-04-09 11:11:27.240] [INFO] MagicBridge: 38 , 3E , 3E , 70 [ERROR - Expected: 0, 0]
[2026-04-09 11:11:27.243] [INFO] MagicBridge: 38 , 40 , 40 , 70 [ERROR - Expected: 0, 0]
[2026-04-09 11:11:27.345] [INFO] MagicBridge: 38 , 42 , 42 , 70 [ERROR - Expected: 0, 0]
[2026-04-09 11:11:27.348] [INFO] MagicBridge: 38 , 44 , 44 , 70 [ERROR - Expected: 0, 0]
[2026-04-09 11:11:27.349] [INFO] MagicBridge: 38 , 46 , 46 , 70 [ERROR - Expected: 0, 0]
[2026-04-09 11:11:27.352] [INFO] MagicBridge: 38 , 48 , 48 , 70 [ERROR - Expected: 0, 0]
[2026-04-09 11:11:27.354] [INFO] MagicBridge: 38 , 4A , 4A , 70 [ERROR - Expected: 0, 0]
[2026-04-09 11:11:27.355] [INFO] MagicBridge: 38 , 4C , 4C , 70 [ERROR - Expected: 0, 0]
[2026-04-09 11:11:27.356] [INFO] MagicBridge: 38 , 4E , 4E , 70 [ERROR - Expected: 0, 0]
[2026-04-09 11:11:27.358] [INFO] MagicBridge: 38 , 50 , 50 , 70 [ERROR - Expected: 0, 0]
[2026-04-09 11:11:27.359] [INFO] MagicBridge: 38 , 52 , 52 , 70 [ERROR - Expected: 0, 0]
[2026-04-09 11:11:27.359] [INFO] MagicBridge: 38 , 54 , 54 , 70 [ERROR - Expected: 0, 0]
[2026-04-09 11:11:27.360] [INFO] MagicBridge: 38 , 56 , 56 , 70 [ERROR - Expected: 0, 0]
[2026-04-09 11:11:27.360] [INFO] MagicBridge: 38 , 58 , 58 , 70 [ERROR - Expected: 0, 0]
[2026-04-09 11:11:27.362] [INFO] MagicBridge: 38 , 5A , 5A , 70 [ERROR - Expected: 0, 0]
[2026-04-09 11:11:27.363] [INFO] MagicBridge: 38 , 5C , 5C , 70 [ERROR - Expected: 0, 0]
[2026-04-09 11:11:27.363] [INFO] MagicBridge: 38 , 5E , 5E , 70 [ERROR - Expected: 0, 0]
[2026-04-09 11:11:27.364] [INFO] MagicBridge: 38 , 60 , 60 , 70 [ERROR - Expected: 0, 0]
[2026-04-09 11:11:27.365] [INFO] MagicBridge: 38 , 62 , 62 , 70 [ERROR - Expected: 0, 0]
[2026-04-09 11:11:27.466] [INFO] MagicBridge: 38 , 64 , 64 , 70 [ERROR - Expected: 0, 0]
[2026-04-09 11:11:27.468] [INFO] MagicBridge: 38 , 66 , 66 , 70 [ERROR - Expected: 0, 0]
[2026-04-09 11:11:27.471] [INFO] MagicBridge: 38 , 68 , 68 , 70 [ERROR - Expected: 0, 0]
[2026-04-09 11:11:27.474] [INFO] MagicBridge: 38 , 6A , 6A , 70 [ERROR - Expected: 0, 0]
[2026-04-09 11:11:27.476] [INFO] MagicBridge: 38 , 6C , 6C , 70 [ERROR - Expected: 0, 0]
[2026-04-09 11:11:27.478] [INFO] MagicBridge: 38 , 6E , 6E , 70 [ERROR - Expected: 0, 0]
[2026-04-09 11:11:27.481] [INFO] MagicBridge: 38 , 70 , 70 , 70 [ERROR - Expected: 0, 0]
[2026-04-09 11:11:27.483] [INFO] MagicBridge: 38 , 72 , 72 , 70 [ERROR - Expected: 0, 0]
[2026-04-09 11:11:27.485] [INFO] MagicBridge: 38 , 74 , 74 , 70 [ERROR - Expected: 0, 0]
[2026-04-09 11:11:27.486] [INFO] MagicBridge: 38 , 76 , 76 , 70 [ERROR - Expected: 0, 0]
[2026-04-09 11:11:27.487] [INFO] MagicBridge: 38 , 78 , 78 , 70 [ERROR - Expected: 0, 0]
[2026-04-09 11:11:27.487] [INFO] MagicBridge: 38 , 7A , 7A , 70 [ERROR - Expected: 0, 0]
[2026-04-09 11:11:27.488] [INFO] MagicBridge: 38 , 7C , 7C , 70 [ERROR - Expected: 0, 0]
[2026-04-09 11:11:27.490] [INFO] MagicBridge: 38 , 7E , 7E , 70 [ERROR - Expected: 0, 0]
[2026-04-09 11:11:27.490] [INFO] MagicBridge: 38 , 80 , 0 , 71 [ERROR - Expected: 0, 0]
[2026-04-09 11:11:27.492] [INFO] MagicBridge: 38 , 82 , 2 , 71 [ERROR - Expected: 0, 0]
[2026-04-09 11:11:27.493] [INFO] MagicBridge: 38 , 84 , 4 , 71 [ERROR - Expected: 0, 0]
[2026-04-09 11:11:27.494] [INFO] MagicBridge: 38 , 86 , 6 , 71 [ERROR - Expected: 0, 0]
[2026-04-09 11:11:27.498] [INFO] MagicBridge: 38 , 88 , 8 , 71 [ERROR - Expected: 0, 0]
[2026-04-09 11:11:27.505] [INFO] MagicBridge: 38 , 8A , A , 71 [ERROR - Expected: 0, 0]
[2026-04-09 11:11:27.606] [INFO] MagicBridge: 38 , 8C , C , 71 [ERROR - Expected: 0, 0]
[2026-04-09 11:11:27.609] [INFO] MagicBridge: 38 , 8E , E , 71 [ERROR - Expected: 0, 0]
[2026-04-09 11:11:27.612] [INFO] MagicBridge: 38 , 90 , 10 , 71 [ERROR - Expected: 0, 0]
[2026-04-09 11:11:27.614] [INFO] MagicBridge: 38 , 92 , 12 , 71 [ERROR - Expected: 0, 0]
[2026-04-09 11:11:27.615] [INFO] MagicBridge: 38 , 94 , 14 , 71 [ERROR - Expected: 0, 0]
[2026-04-09 11:11:27.618] [INFO] MagicBridge: 38 , 96 , 16 , 71 [ERROR - Expected: 0, 0]
[2026-04-09 11:11:27.619] [INFO] MagicBridge: 38 , 98 , 18 , 71 [ERROR - Expected: 0, 0]
[2026-04-09 11:11:27.620] [INFO] MagicBridge: 38 , 9A , 1A , 71 [ERROR - Expected: 0, 0]
[2026-04-09 11:11:27.621] [INFO] MagicBridge: 38 , 9C , 1C , 71 [ERROR - Expected: 0, 0]
[2026-04-09 11:11:27.621] [INFO] MagicBridge: 38 , 9E , 1E , 71 [ERROR - Expected: 0, 0]
[2026-04-09 11:11:27.622] [INFO] MagicBridge: 38 , A0 , 20 , 71 [ERROR - Expected: 0, 0]
[2026-04-09 11:11:27.624] [INFO] MagicBridge: 38 , A2 , 22 , 71 [ERROR - Expected: 0, 0]
[2026-04-09 11:11:27.624] [INFO] MagicBridge: 38 , A4 , 24 , 71 [ERROR - Expected: 0, 0]
[2026-04-09 11:11:27.624] [INFO] MagicBridge: 38 , A6 , 26 , 71 [ERROR - Expected: 0, 0]
[2026-04-09 11:11:27.625] [INFO] MagicBridge: 38 , A8 , 28 , 71 [ERROR - Expected: 0, 0]
[2026-04-09 11:11:27.626] [INFO] MagicBridge: 38 , AA , 2A , 71 [ERROR - Expected: 0, 0]
[2026-04-09 11:11:27.626] [INFO] MagicBridge: 38 , AC , 2C , 71 [ERROR - Expected: 0, 0]
[2026-04-09 11:11:27.631] [INFO] MagicBridge: 38 , AE , 2E , 71 [ERROR - Expected: 0, 0]
[2026-04-09 11:11:27.638] [INFO] MagicBridge: 38 , B0 , 30 , 71 [ERROR - Expected: 0, 0]
[2026-04-09 11:11:27.742] [INFO] MagicBridge: 38 , B2 , 32 , 71 [ERROR - Expected: 0, 0]
[2026-04-09 11:11:27.747] [INFO] MagicBridge: 38 , B4 , 34 , 71 [ERROR - Expected: 0, 0]
[2026-04-09 11:11:27.749] [INFO] MagicBridge: 38 , B6 , 36 , 71 [ERROR - Expected: 0, 0]
[2026-04-09 11:11:27.753] [INFO] MagicBridge: 38 , B8 , 38 , 71 [ERROR - Expected: 0, 0]
[2026-04-09 11:11:27.754] [INFO] MagicBridge: 38 , BA , 3A , 71 [ERROR - Expected: 0, 0]
[2026-04-09 11:11:27.754] [INFO] MagicBridge: 38 , BC , 3C , 71 [ERROR - Expected: 0, 0]
[2026-04-09 11:11:27.756] [INFO] MagicBridge: 38 , BE , 3E , 71 [ERROR - Expected: 0, 0]
[2026-04-09 11:11:27.756] [INFO] MagicBridge: 38 , C0 , 40 , 71 [ERROR - Expected: 0, 0]
[2026-04-09 11:11:27.758] [INFO] MagicBridge: 38 , C2 , 42 , 71 [ERROR - Expected: 0, 0]
[2026-04-09 11:11:27.759] [INFO] MagicBridge: 38 , C4 , 44 , 71 [ERROR - Expected: 0, 0]
[2026-04-09 11:11:27.759] [INFO] MagicBridge: 38 , C6 , 46 , 71 [ERROR - Expected: 0, 0]
[2026-04-09 11:11:27.760] [INFO] MagicBridge: 38 , C8 , 48 , 71 [ERROR - Expected: 0, 0]
[2026-04-09 11:11:27.761] [INFO] MagicBridge: 38 , CA , 4A , 71 [ERROR - Expected: 0, 0]
[2026-04-09 11:11:27.762] [INFO] MagicBridge: 38 , CC , 4C , 71 [ERROR - Expected: 0, 0]
[2026-04-09 11:11:27.763] [INFO] MagicBridge: 38 , CE , 4E , 71 [ERROR - Expected: 0, 0]
[2026-04-09 11:11:27.763] [INFO] MagicBridge: 38 , D0 , 50 , 71 [ERROR - Expected: 0, 0]
[2026-04-09 11:11:27.764] [INFO] MagicBridge: 38 , D2 , 52 , 71 [ERROR - Expected: 0, 0]
[2026-04-09 11:11:27.765] [INFO] MagicBridge: 38 , D4 , 54 , 71 [ERROR - Expected: 0, 0]
[2026-04-09 11:11:27.866] [INFO] MagicBridge: 38 , D6 , 56 , 71 [ERROR - Expected: 0, 0]
[2026-04-09 11:11:27.868] [INFO] MagicBridge: 38 , D8 , 58 , 71 [ERROR - Expected: 0, 0]
[2026-04-09 11:11:27.869] [INFO] MagicBridge: 38 , DA , 5A , 71 [ERROR - Expected: 0, 0]
[2026-04-09 11:11:27.871] [INFO] MagicBridge: 38 , DC , 5C , 71 [ERROR - Expected: 0, 0]
[2026-04-09 11:11:27.872] [INFO] MagicBridge: 38 , DE , 5E , 71 [ERROR - Expected: 0, 0]
[2026-04-09 11:11:27.873] [INFO] MagicBridge: 38 , E0 , 60 , 71 [ERROR - Expected: 0, 0]
[2026-04-09 11:11:27.873] [INFO] MagicBridge: 38 , E2 , 62 , 71 [ERROR - Expected: 0, 0]
[2026-04-09 11:11:27.877] [INFO] MagicBridge: 38 , E4 , 64 , 71 [ERROR - Expected: 0, 0]
[2026-04-09 11:11:27.877] [INFO] MagicBridge: 38 , E6 , 66 , 71 [ERROR - Expected: 0, 0]
[2026-04-09 11:11:27.878] [INFO] MagicBridge: 38 , E8 , 68 , 71 [ERROR - Expected: 0, 0]
[2026-04-09 11:11:27.878] [INFO] MagicBridge: 38 , EA , 6A , 71 [ERROR - Expected: 0, 0]
[2026-04-09 11:11:27.879] [INFO] MagicBridge: 38 , EC , 6C , 71 [ERROR - Expected: 0, 0]
[2026-04-09 11:11:27.879] [INFO] MagicBridge: 38 , EE , 6E , 71 [ERROR - Expected: 0, 0]
[2026-04-09 11:11:27.882] [INFO] MagicBridge: 38 , F0 , 70 , 71 [ERROR - Expected: 0, 0]
[2026-04-09 11:11:27.882] [INFO] MagicBridge: 38 , F2 , 72 , 71 [ERROR - Expected: 0, 0]
[2026-04-09 11:11:27.883] [INFO] MagicBridge: 38 , F4 , 74 , 71 [ERROR - Expected: 0, 0]
[2026-04-09 11:11:27.886] [INFO] MagicBridge: 38 , F6 , 76 , 71 [ERROR - Expected: 0, 0]
[2026-04-09 11:11:27.987] [INFO] MagicBridge: 38 , F8 , 78 , 71 [ERROR - Expected: 0, 0]
[2026-04-09 11:11:27.992] [INFO] MagicBridge: 38 , FA , 7A , 71 [ERROR - Expected: 0, 0]
[2026-04-09 11:11:27.995] [INFO] MagicBridge: 38 , FC , 7C , 71 [ERROR - Expected: 0, 0]
[2026-04-09 11:11:27.997] [INFO] MagicBridge: 38 , FE , 7E , 71 [ERROR - Expected: 0, 0]
[2026-04-09 11:11:28.000] [INFO] MagicBridge: 39 , 0 , 0 , 72 [ERROR - Expected: 0, 0]
[2026-04-09 11:11:28.002] [INFO] MagicBridge: 39 , 2 , 2 , 72 [ERROR - Expected: 0, 0]
[2026-04-09 11:11:28.004] [INFO] MagicBridge: 39 , 4 , 4 , 72 [ERROR - Expected: 0, 0]
[2026-04-09 11:11:28.005] [INFO] MagicBridge: 39 , 6 , 6 , 72 [ERROR - Expected: 0, 0]
[2026-04-09 11:11:28.008] [INFO] MagicBridge: 39 , 8 , 8 , 72 [ERROR - Expected: 0, 0]
[2026-04-09 11:11:28.008] [INFO] MagicBridge: 39 , A , A , 72 [ERROR - Expected: 0, 0]
[2026-04-09 11:11:28.009] [INFO] MagicBridge: 39 , C , C , 72 [ERROR - Expected: 0, 0]
[2026-04-09 11:11:28.009] [INFO] MagicBridge: 39 , E , E , 72 [ERROR - Expected: 0, 0]
[2026-04-09 11:11:28.010] [INFO] MagicBridge: 39 , 10 , 10 , 72 [ERROR - Expected: 0, 0]
[2026-04-09 11:11:28.012] [INFO] MagicBridge: 39 , 12 , 12 , 72 [ERROR - Expected: 0, 0]
[2026-04-09 11:11:28.012] [INFO] MagicBridge: 39 , 14 , 14 , 72 [ERROR - Expected: 0, 0]
[2026-04-09 11:11:28.012] [INFO] MagicBridge: 39 , 16 , 16 , 72 [ERROR - Expected: 0, 0]
[2026-04-09 11:11:28.014] [INFO] MagicBridge: 39 , 18 , 18 , 72 [ERROR - Expected: 0, 0]
[2026-04-09 11:11:28.014] [INFO] MagicBridge: 39 , 1A , 1A , 72 [ERROR - Expected: 0, 0]
[2026-04-09 11:11:28.020] [INFO] MagicBridge: 39 , 1C , 1C , 72 [ERROR - Expected: 0, 0]
[2026-04-09 11:11:28.026] [INFO] MagicBridge: 39 , 1E , 1E , 72 [ERROR - Expected: 0, 0]
[2026-04-09 11:11:28.033] [INFO] MagicBridge: 39 , 20 , 20 , 72 [ERROR - Expected: 0, 0]
[2026-04-09 11:11:28.040] [INFO] MagicBridge: 39 , 22 , 22 , 72 [ERROR - Expected: 0, 0]
[2026-04-09 11:11:28.047] [INFO] MagicBridge: 39 , 24 , 24 , 72 [ERROR - Expected: 0, 0]
[2026-04-09 11:11:28.054] [INFO] MagicBridge: 39 , 26 , 26 , 72 [ERROR - Expected: 0, 0]
[2026-04-09 11:11:28.061] [INFO] MagicBridge: 39 , 28 , 28 , 72 [ERROR - Expected: 0, 0]
[2026-04-09 11:11:28.068] [INFO] MagicBridge: 39 , 2A , 2A , 72 [ERROR - Expected: 0, 0]
[2026-04-09 11:11:28.170] [INFO] MagicBridge: 39 , 2C , 2C , 72 [ERROR - Expected: 0, 0]
[2026-04-09 11:11:28.173] [INFO] MagicBridge: 39 , 2E , 2E , 72 [ERROR - Expected: 0, 0]
[2026-04-09 11:11:28.175] [INFO] MagicBridge: 39 , 30 , 30 , 72 [ERROR - Expected: 0, 0]
[2026-04-09 11:11:28.177] [INFO] MagicBridge: 39 , 32 , 32 , 72 [ERROR - Expected: 0, 0]
[2026-04-09 11:11:28.178] [INFO] MagicBridge: 39 , 34 , 34 , 72 [ERROR - Expected: 0, 0]
[2026-04-09 11:11:28.180] [INFO] MagicBridge: 39 , 36 , 36 , 72 [ERROR - Expected: 0, 0]
[2026-04-09 11:11:28.181] [INFO] MagicBridge: 39 , 38 , 38 , 72 [ERROR - Expected: 0, 0]
[2026-04-09 11:11:28.182] [INFO] MagicBridge: 39 , 3A , 3A , 72 [ERROR - Expected: 0, 0]
[2026-04-09 11:11:28.183] [INFO] MagicBridge: 39 , 3C , 3C , 72 [ERROR - Expected: 0, 0]
[2026-04-09 11:11:28.183] [INFO] MagicBridge: 39 , 3E , 3E , 72 [ERROR - Expected: 0, 0]
[2026-04-09 11:11:28.185] [INFO] MagicBridge: 39 , 40 , 40 , 72 [ERROR - Expected: 0, 0]
[2026-04-09 11:11:28.186] [INFO] MagicBridge: 39 , 42 , 42 , 72 [ERROR - Expected: 0, 0]
[2026-04-09 11:11:28.186] [INFO] MagicBridge: 39 , 44 , 44 , 72 [ERROR - Expected: 0, 0]
[2026-04-09 11:11:28.186] [INFO] MagicBridge: 39 , 46 , 46 , 72 [ERROR - Expected: 0, 0]
[2026-04-09 11:11:28.187] [INFO] MagicBridge: 39 , 48 , 48 , 72 [ERROR - Expected: 0, 0]
[2026-04-09 11:11:28.188] [INFO] MagicBridge: 39 , 4A , 4A , 72 [ERROR - Expected: 0, 0]
[2026-04-09 11:11:28.191] [INFO] MagicBridge: 39 , 4C , 4C , 72 [ERROR - Expected: 0, 0]
[2026-04-09 11:11:28.196] [INFO] MagicBridge: 39 , 4E , 4E , 72 [ERROR - Expected: 0, 0]
[2026-04-09 11:11:28.297] [INFO] MagicBridge: 39 , 50 , 50 , 72 [ERROR - Expected: 0, 0]
[2026-04-09 11:11:28.302] [INFO] MagicBridge: 39 , 52 , 52 , 72 [ERROR - Expected: 0, 0]
[2026-04-09 11:11:28.304] [INFO] MagicBridge: 39 , 54 , 54 , 72 [ERROR - Expected: 0, 0]
[2026-04-09 11:11:28.305] [INFO] MagicBridge: 39 , 56 , 56 , 72 [ERROR - Expected: 0, 0]
[2026-04-09 11:11:28.306] [INFO] MagicBridge: 39 , 58 , 58 , 72 [ERROR - Expected: 0, 0]
[2026-04-09 11:11:28.309] [INFO] MagicBridge: 39 , 5A , 5A , 72 [ERROR - Expected: 0, 0]
[2026-04-09 11:11:28.312] [INFO] MagicBridge: 39 , 5C , 5C , 72 [ERROR - Expected: 0, 0]
[2026-04-09 11:11:28.312] [INFO] MagicBridge: 39 , 5E , 5E , 72 [ERROR - Expected: 0, 0]
[2026-04-09 11:11:28.314] [INFO] MagicBridge: 39 , 60 , 60 , 72 [ERROR - Expected: 0, 0]
[2026-04-09 11:11:28.314] [INFO] MagicBridge: 39 , 62 , 62 , 72 [ERROR - Expected: 0, 0]
[2026-04-09 11:11:28.314] [INFO] MagicBridge: 39 , 64 , 64 , 72 [ERROR - Expected: 0, 0]
[2026-04-09 11:11:28.314] [INFO] MagicBridge: 39 , 66 , 66 , 72 [ERROR - Expected: 0, 0]
[2026-04-09 11:11:28.315] [INFO] MagicBridge: 39 , 68 , 68 , 72 [ERROR - Expected: 0, 0]
[2026-04-09 11:11:28.316] [INFO] MagicBridge: 39 , 6A , 6A , 72 [ERROR - Expected: 0, 0]
[2026-04-09 11:11:28.316] [INFO] MagicBridge: 39 , 6C , 6C , 72 [ERROR - Expected: 0, 0]
[2026-04-09 11:11:28.318] [INFO] MagicBridge: 39 , 6E , 6E , 72 [ERROR - Expected: 0, 0]
[2026-04-09 11:11:28.318] [INFO] MagicBridge: 39 , 70 , 70 , 72 [ERROR - Expected: 0, 0]
[2026-04-09 11:11:28.322] [INFO] MagicBridge: 39 , 72 , 72 , 72 [ERROR - Expected: 0, 0]
[2026-04-09 11:11:28.424] [INFO] MagicBridge: 39 , 74 , 74 , 72 [ERROR - Expected: 0, 0]
[2026-04-09 11:11:28.425] [INFO] MagicBridge: 39 , 76 , 76 , 72 [ERROR - Expected: 0, 0]
[2026-04-09 11:11:28.426] [INFO] MagicBridge: 39 , 78 , 78 , 72 [ERROR - Expected: 0, 0]
[2026-04-09 11:11:28.427] [INFO] MagicBridge: 39 , 7A , 7A , 72 [ERROR - Expected: 0, 0]
[2026-04-09 11:11:28.428] [INFO] MagicBridge: 39 , 7C , 7C , 72 [ERROR - Expected: 0, 0]
[2026-04-09 11:11:28.430] [INFO] MagicBridge: 39 , 7E , 7E , 72 [ERROR - Expected: 0, 0]
[2026-04-09 11:11:28.432] [INFO] MagicBridge: 39 , 80 , 0 , 73 [ERROR - Expected: 0, 0]
[2026-04-09 11:11:28.433] [INFO] MagicBridge: 39 , 82 , 2 , 73 [ERROR - Expected: 0, 0]
[2026-04-09 11:11:28.434] [INFO] MagicBridge: 39 , 84 , 4 , 73 [ERROR - Expected: 0, 0]
[2026-04-09 11:11:28.435] [INFO] MagicBridge: 39 , 86 , 6 , 73 [ERROR - Expected: 0, 0]
[2026-04-09 11:11:28.435] [INFO] MagicBridge: 39 , 88 , 8 , 73 [ERROR - Expected: 0, 0]
[2026-04-09 11:11:28.437] [INFO] MagicBridge: 39 , 8A , A , 73 [ERROR - Expected: 0, 0]
[2026-04-09 11:11:28.437] [INFO] MagicBridge: 39 , 8C , C , 73 [ERROR - Expected: 0, 0]
[2026-04-09 11:11:28.439] [INFO] MagicBridge: 39 , 8E , E , 73 [ERROR - Expected: 0, 0]
[2026-04-09 11:11:28.439] [INFO] MagicBridge: 39 , 90 , 10 , 73 [ERROR - Expected: 0, 0]
[2026-04-09 11:11:28.439] [INFO] MagicBridge: 39 , 92 , 12 , 73 [ERROR - Expected: 0, 0]
[2026-04-09 11:11:28.442] [INFO] MagicBridge: 39 , 94 , 14 , 73 [ERROR - Expected: 0, 0]
[2026-04-09 11:11:28.450] [INFO] MagicBridge: 39 , 96 , 16 , 73 [ERROR - Expected: 0, 0]
[2026-04-09 11:11:28.456] [INFO] MagicBridge: 39 , 98 , 18 , 73 [ERROR - Expected: 0, 0]
[2026-04-09 11:11:28.463] [INFO] MagicBridge: 39 , 9A , 1A , 73 [ERROR - Expected: 0, 0]
[2026-04-09 11:11:28.471] [INFO] MagicBridge: 39 , 9C , 1C , 73 [ERROR - Expected: 0, 0]
[2026-04-09 11:11:28.573] [INFO] MagicBridge: 39 , 9E , 1E , 73 [ERROR - Expected: 0, 0]
[2026-04-09 11:11:28.575] [INFO] MagicBridge: 39 , A0 , 20 , 73 [ERROR - Expected: 0, 0]
[2026-04-09 11:11:28.577] [INFO] MagicBridge: 39 , A2 , 22 , 73 [ERROR - Expected: 0, 0]
[2026-04-09 11:11:28.579] [INFO] MagicBridge: 39 , A4 , 24 , 73 [ERROR - Expected: 0, 0]
[2026-04-09 11:11:28.581] [INFO] MagicBridge: 39 , A6 , 26 , 73 [ERROR - Expected: 0, 0]
[2026-04-09 11:11:28.582] [INFO] MagicBridge: 39 , A8 , 28 , 73 [ERROR - Expected: 0, 0]
[2026-04-09 11:11:28.583] [INFO] MagicBridge: 39 , AA , 2A , 73 [ERROR - Expected: 0, 0]
[2026-04-09 11:11:28.585] [INFO] MagicBridge: 39 , AC , 2C , 73 [ERROR - Expected: 0, 0]
[2026-04-09 11:11:28.587] [INFO] MagicBridge: 39 , AE , 2E , 73 [ERROR - Expected: 0, 0]
[2026-04-09 11:11:28.588] [INFO] MagicBridge: 39 , B0 , 30 , 73 [ERROR - Expected: 0, 0]
[2026-04-09 11:11:28.589] [INFO] MagicBridge: 39 , B2 , 32 , 73 [ERROR - Expected: 0, 0]
[2026-04-09 11:11:28.590] [INFO] MagicBridge: 39 , B4 , 34 , 73 [ERROR - Expected: 0, 0]
[2026-04-09 11:11:28.590] [INFO] MagicBridge: 39 , B6 , 36 , 73 [ERROR - Expected: 0, 0]
[2026-04-09 11:11:28.591] [INFO] MagicBridge: 39 , B8 , 38 , 73 [ERROR - Expected: 0, 0]
[2026-04-09 11:11:28.593] [INFO] MagicBridge: 39 , BA , 3A , 73 [ERROR - Expected: 0, 0]
[2026-04-09 11:11:28.594] [INFO] MagicBridge: 39 , BC , 3C , 73 [ERROR - Expected: 0, 0]
[2026-04-09 11:11:28.595] [INFO] MagicBridge: 39 , BE , 3E , 73 [ERROR - Expected: 0, 0]
[2026-04-09 11:11:28.598] [INFO] MagicBridge: 39 , C0 , 40 , 73 [ERROR - Expected: 0, 0]
[2026-04-09 11:11:28.700] [INFO] MagicBridge: 39 , C2 , 42 , 73 [ERROR - Expected: 0, 0]
[2026-04-09 11:11:28.703] [INFO] MagicBridge: 39 , C4 , 44 , 73 [ERROR - Expected: 0, 0]
[2026-04-09 11:11:28.706] [INFO] MagicBridge: 39 , C6 , 46 , 73 [ERROR - Expected: 0, 0]
[2026-04-09 11:11:28.709] [INFO] MagicBridge: 39 , C8 , 48 , 73 [ERROR - Expected: 0, 0]
[2026-04-09 11:11:28.712] [INFO] MagicBridge: 39 , CA , 4A , 73 [ERROR - Expected: 0, 0]
[2026-04-09 11:11:28.712] [INFO] MagicBridge: 39 , CC , 4C , 73 [ERROR - Expected: 0, 0]
[2026-04-09 11:11:28.714] [INFO] MagicBridge: 39 , CE , 4E , 73 [ERROR - Expected: 0, 0]
[2026-04-09 11:11:28.716] [INFO] MagicBridge: 39 , D0 , 50 , 73 [ERROR - Expected: 0, 0]
[2026-04-09 11:11:28.717] [INFO] MagicBridge: 39 , D2 , 52 , 73 [ERROR - Expected: 0, 0]
[2026-04-09 11:11:28.719] [INFO] MagicBridge: 39 , D4 , 54 , 73 [ERROR - Expected: 0, 0]
[2026-04-09 11:11:28.721] [INFO] MagicBridge: 39 , D6 , 56 , 73 [ERROR - Expected: 0, 0]
[2026-04-09 11:11:28.723] [INFO] MagicBridge: 39 , D8 , 58 , 73 [ERROR - Expected: 0, 0]
[2026-04-09 11:11:28.726] [INFO] MagicBridge: 39 , DA , 5A , 73 [ERROR - Expected: 0, 0]
[2026-04-09 11:11:28.729] [INFO] MagicBridge: 39 , DC , 5C , 73 [ERROR - Expected: 0, 0]
[2026-04-09 11:11:28.729] [INFO] MagicBridge: 39 , DE , 5E , 73 [ERROR - Expected: 0, 0]
[2026-04-09 11:11:28.730] [INFO] MagicBridge: 39 , E0 , 60 , 73 [ERROR - Expected: 0, 0]
[2026-04-09 11:11:28.731] [INFO] MagicBridge: 39 , E2 , 62 , 73 [ERROR - Expected: 0, 0]
[2026-04-09 11:11:28.732] [INFO] MagicBridge: 39 , E4 , 64 , 73 [ERROR - Expected: 0, 0]
[2026-04-09 11:11:28.733] [INFO] MagicBridge: 39 , E6 , 66 , 73 [ERROR - Expected: 0, 0]
[2026-04-09 11:11:28.833] [INFO] MagicBridge: 39 , E8 , 68 , 73 [ERROR - Expected: 0, 0]
[2026-04-09 11:11:28.837] [INFO] MagicBridge: 39 , EA , 6A , 73 [ERROR - Expected: 0, 0]
[2026-04-09 11:11:28.839] [INFO] MagicBridge: 39 , EC , 6C , 73 [ERROR - Expected: 0, 0]
[2026-04-09 11:11:28.840] [INFO] MagicBridge: 3B , FC , 7C , 77 [SPECIAL]
[2026-04-09 11:11:28.842] [INFO] MagicBridge: 3B , FE , 7E , 77 [SPECIAL]
[2026-04-09 11:11:28.843] [INFO] MagicBridge: === FIN DE VERIFICACION ===
[2026-04-09 11:11:28.843] [INFO] MagicBridge: Total verificado: 0
[2026-04-09 11:11:28.844] [INFO] MagicBridge: Total errores: 759
[2026-04-09 11:11:28.844] [INFO] MagicBridge: ADVERTENCIA - Se encontraron diferencias en la verificacion
[2026-04-09 11:11:28.845] [ERROR] Comando falló: ADVERTENCIA - Se encontraron diferencias en la verificacion
[2026-04-09 11:11:35.644] [INFO] Ejecutando comando: R3d
[2026-04-09 11:11:35.645] [INFO] MagicBridge: End of reading
[2026-04-09 11:11:36.141] [INFO] MagicBridge: Comando recibido: P3d
[2026-04-09 11:11:36.142] [INFO] MagicBridge: Variante D2 seleccionada
[2026-04-09 11:11:36.143] [INFO] MagicBridge: Reading PCB 3 Addr 1
[2026-04-09 11:11:36.143] [INFO] MagicBridge: === INICIANDO VERIFICACION ===
[2026-04-09 11:11:36.145] [INFO] MagicBridge: 34 , 0 , 0 , 68 [ERROR - Expected: 0, 1]
[2026-04-09 11:11:36.146] [INFO] MagicBridge: 34 , 2 , 2 , 68 [ERROR - Expected: 0, 0]
[2026-04-09 11:11:36.147] [INFO] MagicBridge: 34 , 4 , 4 , 68 [ERROR - Expected: 2, 0]
[2026-04-09 11:11:36.148] [INFO] MagicBridge: 34 , 6 , 6 , 68 [ERROR - Expected: 2, 0]
[2026-04-09 11:11:36.148] [INFO] MagicBridge: 34 , 8 , 8 , 68 [ERROR - Expected: 2, 0]
[2026-04-09 11:11:36.148] [INFO] MagicBridge: 34 , A , A , 68 [ERROR - Expected: 2, 0]
[2026-04-09 11:11:36.151] [INFO] MagicBridge: 34 , C , C , 68 [ERROR - Expected: 2, 0]
[2026-04-09 11:11:36.151] [INFO] MagicBridge: 34 , E , E , 68 [ERROR - Expected: 2, 0]
[2026-04-09 11:11:36.151] [INFO] MagicBridge: 34 , 10 , 10 , 68 [ERROR - Expected: 2, 0]
[2026-04-09 11:11:36.153] [INFO] MagicBridge: 34 , 12 , 12 , 68 [ERROR - Expected: 2, 0]
[2026-04-09 11:11:36.154] [INFO] MagicBridge: 34 , 14 , 14 , 68 [ERROR - Expected: 2, 0]
[2026-04-09 11:11:36.154] [INFO] MagicBridge: 34 , 16 , 16 , 68 [ERROR - Expected: 2, 0]
[2026-04-09 11:11:36.155] [INFO] MagicBridge: 34 , 18 , 18 , 68 [ERROR - Expected: 2, 0]
[2026-04-09 11:11:36.156] [INFO] MagicBridge: 34 , 1A , 1A , 68 [ERROR - Expected: 2, 0]
[2026-04-09 11:11:36.156] [INFO] MagicBridge: 34 , 1C , 1C , 68 [ERROR - Expected: 2, 0]
[2026-04-09 11:11:36.158] [INFO] MagicBridge: 34 , 1E , 1E , 68 [ERROR - Expected: 2, 0]
[2026-04-09 11:11:36.159] [INFO] MagicBridge: 34 , 20 , 20 , 68 [ERROR - Expected: 2, 0]
[2026-04-09 11:11:36.159] [INFO] MagicBridge: 34 , 22 , 22 , 68 [ERROR - Expected: 2, 0]
[2026-04-09 11:11:36.160] [INFO] MagicBridge: 34 , 24 , 24 , 68 [ERROR - Expected: 0, 0]
[2026-04-09 11:11:36.161] [INFO] MagicBridge: 34 , 26 , 26 , 68 [ERROR - Expected: 0, 24]
[2026-04-09 11:11:36.162] [INFO] MagicBridge: 34 , 28 , 28 , 68 [ERROR - Expected: 0, 48]
[2026-04-09 11:11:36.162] [INFO] MagicBridge: 34 , 2A , 2A , 68 [ERROR - Expected: 0, 6C]
[2026-04-09 11:11:36.163] [INFO] MagicBridge: 34 , 2C , 2C , 68 [ERROR - Expected: 0, 90]
[2026-04-09 11:11:36.163] [INFO] MagicBridge: 34 , 2E , 2E , 68 [ERROR - Expected: 2, 0]
[2026-04-09 11:11:36.164] [INFO] MagicBridge: 34 , 30 , 30 , 68 [ERROR - Expected: 2, 0]
[2026-04-09 11:11:36.165] [INFO] MagicBridge: 34 , 32 , 32 , 68 [ERROR - Expected: 2, 0]
[2026-04-09 11:11:36.165] [INFO] MagicBridge: 34 , 34 , 34 , 68 [ERROR - Expected: 2, 0]
[2026-04-09 11:11:36.166] [INFO] MagicBridge: 34 , 36 , 36 , 68 [ERROR - Expected: 2, 0]
[2026-04-09 11:11:36.166] [INFO] MagicBridge: 34 , 38 , 38 , 68 [ERROR - Expected: 2, 0]
[2026-04-09 11:11:36.168] [INFO] MagicBridge: 34 , 3A , 3A , 68 [ERROR - Expected: 2, 0]
[2026-04-09 11:11:36.169] [INFO] MagicBridge: 34 , 3C , 3C , 68 [ERROR - Expected: 2, 0]
[2026-04-09 11:11:36.170] [INFO] MagicBridge: 34 , 3E , 3E , 68 [ERROR - Expected: 2, 0]
[2026-04-09 11:11:36.170] [INFO] MagicBridge: 34 , 40 , 40 , 68 [ERROR - Expected: 2, 0]
[2026-04-09 11:11:36.171] [INFO] MagicBridge: 34 , 42 , 42 , 68 [ERROR - Expected: 0, 0]
[2026-04-09 11:11:36.172] [INFO] MagicBridge: 34 , 44 , 44 , 68 [ERROR - Expected: 0, 0]
[2026-04-09 11:11:36.172] [INFO] MagicBridge: 34 , 46 , 46 , 68 [ERROR - Expected: 0, 0]
[2026-04-09 11:11:36.174] [INFO] MagicBridge: 34 , 48 , 48 , 68 [ERROR - Expected: 0, 19]
[2026-04-09 11:11:36.174] [INFO] MagicBridge: 34 , 4A , 4A , 68 [ERROR - Expected: 0, C]
[2026-04-09 11:11:36.175] [INFO] MagicBridge: 34 , 4C , 4C , 68 [ERROR - Expected: 0, 0]
[2026-04-09 11:11:36.176] [INFO] MagicBridge: 34 , 4E , 4E , 68 [ERROR - Expected: 0, 43]
[2026-04-09 11:11:36.177] [INFO] MagicBridge: 34 , 50 , 50 , 68 [ERROR - Expected: 0, 87]
[2026-04-09 11:11:36.179] [INFO] MagicBridge: 34 , 52 , 52 , 68 [ERROR - Expected: 0, CA]
[2026-04-09 11:11:36.181] [INFO] MagicBridge: 34 , 54 , 54 , 68 [ERROR - Expected: 0, 0]
[2026-04-09 11:11:36.182] [INFO] MagicBridge: 34 , 56 , 56 , 68 [ERROR - Expected: 0, 0]
[2026-04-09 11:11:36.186] [INFO] MagicBridge: 34 , 58 , 58 , 68 [ERROR - Expected: 0, 0]
[2026-04-09 11:11:36.188] [INFO] MagicBridge: 34 , 5A , 5A , 68 [ERROR - Expected: 0, 0]
[2026-04-09 11:11:36.189] [INFO] MagicBridge: 34 , 5C , 5C , 68 [ERROR - Expected: 1, 8E]
[2026-04-09 11:11:36.190] [INFO] MagicBridge: 34 , 5E , 5E , 68 [ERROR - Expected: 1, 98]
[2026-04-09 11:11:36.193] [INFO] MagicBridge: 34 , 60 , 60 , 68 [ERROR - Expected: 1, E9]
[2026-04-09 11:11:36.194] [INFO] MagicBridge: 34 , 62 , 62 , 68 [ERROR - Expected: 52, FF]
[2026-04-09 11:11:36.197] [INFO] MagicBridge: 34 , 64 , 64 , 68 [ERROR - Expected: 0, 13]
[2026-04-09 11:11:36.198] [INFO] MagicBridge: 34 , 66 , 66 , 68 [ERROR - Expected: 0, 0]
[2026-04-09 11:11:36.198] [INFO] MagicBridge: 34 , 68 , 68 , 68 [ERROR - Expected: 0, 0]
[2026-04-09 11:11:36.200] [INFO] MagicBridge: 34 , 6A , 6A , 68 [ERROR - Expected: 0, 0]
[2026-04-09 11:11:36.200] [INFO] MagicBridge: 34 , 6C , 6C , 68 [ERROR - Expected: 0, 0]
[2026-04-09 11:11:36.201] [INFO] MagicBridge: 34 , 6E , 6E , 68 [ERROR - Expected: 0, 0]
[2026-04-09 11:11:36.201] [INFO] MagicBridge: 34 , 70 , 70 , 68 [ERROR - Expected: 0, 0]
[2026-04-09 11:11:36.203] [INFO] MagicBridge: 34 , 72 , 72 , 68 [ERROR - Expected: 0, 0]
[2026-04-09 11:11:36.204] [INFO] MagicBridge: 34 , 74 , 74 , 68 [ERROR - Expected: 0, 0]
[2026-04-09 11:11:36.205] [INFO] MagicBridge: 34 , 76 , 76 , 68 [ERROR - Expected: 0, 0]
[2026-04-09 11:11:36.206] [INFO] MagicBridge: 34 , 78 , 78 , 68 [ERROR - Expected: 0, 0]
[2026-04-09 11:11:36.206] [INFO] MagicBridge: 34 , 7A , 7A , 68 [ERROR - Expected: 0, 12]
[2026-04-09 11:11:36.206] [INFO] MagicBridge: 34 , 7C , 7C , 68 [ERROR - Expected: 0, 0]
[2026-04-09 11:11:36.209] [INFO] MagicBridge: 34 , 7E , 7E , 68 [ERROR - Expected: 0, 11]
[2026-04-09 11:11:36.210] [INFO] MagicBridge: 34 , 80 , 0 , 69 [ERROR - Expected: 0, 7]
[2026-04-09 11:11:36.210] [INFO] MagicBridge: 34 , 82 , 2 , 69 [ERROR - Expected: FF, FF]
[2026-04-09 11:11:36.211] [INFO] MagicBridge: 34 , 84 , 4 , 69 [ERROR - Expected: 8, 11]
[2026-04-09 11:11:36.211] [INFO] MagicBridge: 34 , 86 , 6 , 69 [ERROR - Expected: 0, 12]
[2026-04-09 11:11:36.212] [INFO] MagicBridge: 34 , 88 , 8 , 69 [ERROR - Expected: FF, FF]
[2026-04-09 11:11:36.212] [INFO] MagicBridge: 34 , 8A , A , 69 [ERROR - Expected: 0, 0]
[2026-04-09 11:11:36.212] [INFO] MagicBridge: 34 , 8C , C , 69 [ERROR - Expected: 0, 0]
[2026-04-09 11:11:36.214] [INFO] MagicBridge: 34 , 8E , E , 69 [ERROR - Expected: 0, 0]
[2026-04-09 11:11:36.214] [INFO] MagicBridge: 34 , 90 , 10 , 69 [ERROR - Expected: 0, 0]
[2026-04-09 11:11:36.215] [INFO] MagicBridge: 34 , 92 , 12 , 69 [ERROR - Expected: 0, 0]
[2026-04-09 11:11:36.216] [INFO] MagicBridge: 34 , 94 , 14 , 69 [ERROR - Expected: 0, 0]
[2026-04-09 11:11:36.217] [INFO] MagicBridge: 34 , 96 , 16 , 69 [ERROR - Expected: 0, 0]
[2026-04-09 11:11:36.217] [INFO] MagicBridge: 34 , 98 , 18 , 69 [ERROR - Expected: 0, 0]
[2026-04-09 11:11:36.218] [INFO] MagicBridge: 34 , 9A , 1A , 69 [ERROR - Expected: 0, 0]
[2026-04-09 11:11:36.218] [INFO] MagicBridge: 34 , 9C , 1C , 69 [ERROR - Expected: 0, 0]
[2026-04-09 11:11:36.219] [INFO] MagicBridge: 34 , 9E , 1E , 69 [ERROR - Expected: 0, 0]
[2026-04-09 11:11:36.219] [INFO] MagicBridge: 34 , A0 , 20 , 69 [ERROR - Expected: 0, 0]
[2026-04-09 11:11:36.221] [INFO] MagicBridge: 34 , A2 , 22 , 69 [ERROR - Expected: 0, 0]
[2026-04-09 11:11:36.221] [INFO] MagicBridge: 34 , A4 , 24 , 69 [ERROR - Expected: 0, 0]
[2026-04-09 11:11:36.222] [INFO] MagicBridge: 34 , A6 , 26 , 69 [ERROR - Expected: 0, 0]
[2026-04-09 11:11:36.223] [INFO] MagicBridge: 34 , A8 , 28 , 69 [ERROR - Expected: 0, 0]
[2026-04-09 11:11:36.223] [INFO] MagicBridge: 34 , AA , 2A , 69 [ERROR - Expected: 0, 0]
[2026-04-09 11:11:36.223] [INFO] MagicBridge: 34 , AC , 2C , 69 [ERROR - Expected: 0, 0]
[2026-04-09 11:11:36.224] [INFO] MagicBridge: 34 , AE , 2E , 69 [ERROR - Expected: 35, 0]
[2026-04-09 11:11:36.225] [INFO] MagicBridge: 34 , B0 , 30 , 69 [ERROR - Expected: 0, 0]
[2026-04-09 11:11:36.226] [INFO] MagicBridge: 34 , B2 , 32 , 69 [ERROR - Expected: 6C, 5D]
[2026-04-09 11:11:36.227] [INFO] MagicBridge: 34 , B4 , 34 , 69 [ERROR - Expected: 0, 0]
[2026-04-09 11:11:36.227] [INFO] MagicBridge: 34 , B6 , 36 , 69 [ERROR - Expected: 6C, 5D]
[2026-04-09 11:11:36.228] [INFO] MagicBridge: 34 , B8 , 38 , 69 [ERROR - Expected: 0, 12]
[2026-04-09 11:11:36.228] [INFO] MagicBridge: 34 , BA , 3A , 69 [ERROR - Expected: 6C, 5D]
[2026-04-09 11:11:36.229] [INFO] MagicBridge: 34 , BC , 3C , 69 [ERROR - Expected: 0, 24]
[2026-04-09 11:11:36.229] [INFO] MagicBridge: 34 , BE , 3E , 69 [ERROR - Expected: 6C, 5D]
[2026-04-09 11:11:36.231] [INFO] MagicBridge: 34 , C0 , 40 , 69 [ERROR - Expected: 0, 36]
[2026-04-09 11:11:36.232] [INFO] MagicBridge: 34 , C2 , 42 , 69 [ERROR - Expected: 6C, 5D]
[2026-04-09 11:11:36.232] [INFO] MagicBridge: 34 , C4 , 44 , 69 [ERROR - Expected: 0, 48]
[2026-04-09 11:11:36.232] [INFO] MagicBridge: 34 , C6 , 46 , 69 [ERROR - Expected: 6C, 5D]
[2026-04-09 11:11:36.233] [INFO] MagicBridge: 34 , C8 , 48 , 69 [ERROR - Expected: 0, 5A]
[2026-04-09 11:11:36.234] [INFO] MagicBridge: 34 , CA , 4A , 69 [ERROR - Expected: 6C, 5D]
[2026-04-09 11:11:36.235] [INFO] MagicBridge: 34 , CC , 4C , 69 [ERROR - Expected: 0, 6C]
[2026-04-09 11:11:36.236] [INFO] MagicBridge: 34 , CE , 4E , 69 [ERROR - Expected: 6C, 5D]
[2026-04-09 11:11:36.237] [INFO] MagicBridge: 34 , D0 , 50 , 69 [ERROR - Expected: 0, 7E]
[2026-04-09 11:11:36.237] [INFO] MagicBridge: 34 , D2 , 52 , 69 [ERROR - Expected: 0, 8C]
[2026-04-09 11:11:36.238] [INFO] MagicBridge: 34 , D4 , 54 , 69 [ERROR - Expected: 0, 0]
[2026-04-09 11:11:36.239] [INFO] MagicBridge: 34 , D6 , 56 , 69 [ERROR - Expected: 9F, 5D]
[2026-04-09 11:11:36.239] [INFO] MagicBridge: 34 , D8 , 58 , 69 [ERROR - Expected: 0, 90]
[2026-04-09 11:11:36.240] [INFO] MagicBridge: 34 , DA , 5A , 69 [ERROR - Expected: 9F, 5D]
[2026-04-09 11:11:36.242] [INFO] MagicBridge: 34 , DC , 5C , 69 [ERROR - Expected: 0, A2]
[2026-04-09 11:11:36.242] [INFO] MagicBridge: 34 , DE , 5E , 69 [ERROR - Expected: 9F, 5D]
[2026-04-09 11:11:36.244] [INFO] MagicBridge: 34 , E0 , 60 , 69 [ERROR - Expected: 0, B4]
[2026-04-09 11:11:36.244] [INFO] MagicBridge: 34 , E2 , 62 , 69 [ERROR - Expected: 9F, 5D]
[2026-04-09 11:11:36.245] [INFO] MagicBridge: 34 , E4 , 64 , 69 [ERROR - Expected: 0, C6]
[2026-04-09 11:11:36.245] [INFO] MagicBridge: 34 , E6 , 66 , 69 [ERROR - Expected: 9F, 5D]
[2026-04-09 11:11:36.245] [INFO] MagicBridge: 34 , E8 , 68 , 69 [ERROR - Expected: 0, D8]
[2026-04-09 11:11:36.247] [INFO] MagicBridge: 34 , EA , 6A , 69 [ERROR - Expected: 9F, 5D]
[2026-04-09 11:11:36.247] [INFO] MagicBridge: 34 , EC , 6C , 69 [ERROR - Expected: 0, EA]
[2026-04-09 11:11:36.248] [INFO] MagicBridge: 34 , EE , 6E , 69 [ERROR - Expected: 9F, 5D]
[2026-04-09 11:11:36.249] [INFO] MagicBridge: 34 , F0 , 70 , 69 [ERROR - Expected: 0, FC]
[2026-04-09 11:11:36.249] [INFO] MagicBridge: 34 , F2 , 72 , 69 [ERROR - Expected: 9F, 5D]
[2026-04-09 11:11:36.249] [INFO] MagicBridge: 34 , F4 , 74 , 69 [ERROR - Expected: 1, E]
[2026-04-09 11:11:36.251] [INFO] MagicBridge: 34 , F6 , 76 , 69 [ERROR - Expected: 0, 5D]
[2026-04-09 11:11:36.251] [INFO] MagicBridge: 34 , F8 , 78 , 69 [ERROR - Expected: 1, 20]
[2026-04-09 11:11:36.252] [INFO] MagicBridge: 34 , FA , 7A , 69 [ERROR - Expected: 9F, 5D]
[2026-04-09 11:11:36.253] [INFO] MagicBridge: 34 , FC , 7C , 69 [ERROR - Expected: 1, 32]
[2026-04-09 11:11:36.254] [INFO] MagicBridge: 34 , FE , 7E , 69 [ERROR - Expected: 0, 0]
[2026-04-09 11:11:36.254] [INFO] MagicBridge: 35 , 0 , 0 , 6A [ERROR - Expected: FF, FF]
[2026-04-09 11:11:36.255] [INFO] MagicBridge: 35 , 2 , 2 , 6A [ERROR - Expected: 0, 0]
[2026-04-09 11:11:36.255] [INFO] MagicBridge: 35 , 4 , 4 , 6A [ERROR - Expected: 0, 0]
[2026-04-09 11:11:36.256] [INFO] MagicBridge: 35 , 6 , 6 , 6A [ERROR - Expected: 0, 0]
[2026-04-09 11:11:36.256] [INFO] MagicBridge: 35 , 8 , 8 , 6A [ERROR - Expected: 0, 0]
[2026-04-09 11:11:36.258] [INFO] MagicBridge: 35 , A , A , 6A [ERROR - Expected: 0, 0]
[2026-04-09 11:11:36.258] [INFO] MagicBridge: 35 , C , C , 6A [ERROR - Expected: 0, 0]
[2026-04-09 11:11:36.259] [INFO] MagicBridge: 35 , E , E , 6A [ERROR - Expected: 0, 0]
[2026-04-09 11:11:36.259] [INFO] MagicBridge: 35 , 10 , 10 , 6A [ERROR - Expected: 0, 0]
[2026-04-09 11:11:36.260] [INFO] MagicBridge: 35 , 12 , 12 , 6A [ERROR - Expected: FF, FF]
[2026-04-09 11:11:36.261] [INFO] MagicBridge: 35 , 14 , 14 , 6A [ERROR - Expected: FF, FF]
[2026-04-09 11:11:36.261] [INFO] MagicBridge: 35 , 16 , 16 , 6A [ERROR - Expected: 0, 0]
[2026-04-09 11:11:36.262] [INFO] MagicBridge: 35 , 18 , 18 , 6A [ERROR - Expected: 0, 0]
[2026-04-09 11:11:36.262] [INFO] MagicBridge: 35 , 1A , 1A , 6A [ERROR - Expected: 0, 0]
[2026-04-09 11:11:36.262] [INFO] MagicBridge: 35 , 1C , 1C , 6A [ERROR - Expected: 0, 0]
[2026-04-09 11:11:36.264] [INFO] MagicBridge: 35 , 1E , 1E , 6A [ERROR - Expected: 0, 0]
[2026-04-09 11:11:36.264] [INFO] MagicBridge: 35 , 20 , 20 , 6A [ERROR - Expected: 0, 0]
[2026-04-09 11:11:36.264] [INFO] MagicBridge: 35 , 22 , 22 , 6A [ERROR - Expected: 0, 0]
[2026-04-09 11:11:36.265] [INFO] MagicBridge: 35 , 24 , 24 , 6A [ERROR - Expected: FF, FF]
[2026-04-09 11:11:36.266] [INFO] MagicBridge: 35 , 26 , 26 , 6A [ERROR - Expected: FF, FF]
[2026-04-09 11:11:36.267] [INFO] MagicBridge: 35 , 28 , 28 , 6A [ERROR - Expected: FF, FF]
[2026-04-09 11:11:36.268] [INFO] MagicBridge: 35 , 2A , 2A , 6A [ERROR - Expected: 0, 0]
[2026-04-09 11:11:36.268] [INFO] MagicBridge: 35 , 2C , 2C , 6A [ERROR - Expected: 0, 0]
[2026-04-09 11:11:36.269] [INFO] MagicBridge: 35 , 2E , 2E , 6A [ERROR - Expected: 0, 0]
[2026-04-09 11:11:36.270] [INFO] MagicBridge: 35 , 30 , 30 , 6A [ERROR - Expected: 0, 0]
[2026-04-09 11:11:36.270] [INFO] MagicBridge: 35 , 32 , 32 , 6A [ERROR - Expected: 0, 0]
[2026-04-09 11:11:36.271] [INFO] MagicBridge: 35 , 34 , 34 , 6A [ERROR - Expected: 0, 0]
[2026-04-09 11:11:36.272] [INFO] MagicBridge: 35 , 36 , 36 , 6A [ERROR - Expected: FF, FF]
[2026-04-09 11:11:36.272] [INFO] MagicBridge: 35 , 38 , 38 , 6A [ERROR - Expected: FF, FF]
[2026-04-09 11:11:36.273] [INFO] MagicBridge: 35 , 3A , 3A , 6A [ERROR - Expected: FF, FF]
[2026-04-09 11:11:36.274] [INFO] MagicBridge: 35 , 3C , 3C , 6A [ERROR - Expected: FF, FF]
[2026-04-09 11:11:36.274] [INFO] MagicBridge: 35 , 3E , 3E , 6A [ERROR - Expected: 0, 0]
[2026-04-09 11:11:36.276] [INFO] MagicBridge: 35 , 40 , 40 , 6A [ERROR - Expected: 0, 0]
[2026-04-09 11:11:36.276] [INFO] MagicBridge: 35 , 42 , 42 , 6A [ERROR - Expected: 0, 0]
[2026-04-09 11:11:36.278] [INFO] MagicBridge: 35 , 44 , 44 , 6A [ERROR - Expected: 0, 0]
[2026-04-09 11:11:36.278] [INFO] MagicBridge: 35 , 46 , 46 , 6A [ERROR - Expected: 0, 0]
[2026-04-09 11:11:36.279] [INFO] MagicBridge: 35 , 48 , 48 , 6A [ERROR - Expected: FF, FF]
[2026-04-09 11:11:36.279] [INFO] MagicBridge: 35 , 4A , 4A , 6A [ERROR - Expected: FF, FF]
[2026-04-09 11:11:36.280] [INFO] MagicBridge: 35 , 4C , 4C , 6A [ERROR - Expected: FF, FF]
[2026-04-09 11:11:36.281] [INFO] MagicBridge: 35 , 4E , 4E , 6A [ERROR - Expected: FF, FF]
[2026-04-09 11:11:36.281] [INFO] MagicBridge: 35 , 50 , 50 , 6A [ERROR - Expected: FF, FF]
[2026-04-09 11:11:36.282] [INFO] MagicBridge: 35 , 52 , 52 , 6A [ERROR - Expected: 0, 0]
[2026-04-09 11:11:36.282] [INFO] MagicBridge: 35 , 54 , 54 , 6A [ERROR - Expected: 0, 0]
[2026-04-09 11:11:36.283] [INFO] MagicBridge: 35 , 56 , 56 , 6A [ERROR - Expected: 0, 0]
[2026-04-09 11:11:36.283] [INFO] MagicBridge: 35 , 58 , 58 , 6A [ERROR - Expected: 0, 0]
[2026-04-09 11:11:36.284] [INFO] MagicBridge: 35 , 5A , 5A , 6A [ERROR - Expected: FF, FF]
[2026-04-09 11:11:36.285] [INFO] MagicBridge: 35 , 5C , 5C , 6A [ERROR - Expected: FF, FF]
[2026-04-09 11:11:36.286] [INFO] MagicBridge: 35 , 5E , 5E , 6A [ERROR - Expected: FF, FF]
[2026-04-09 11:11:36.286] [INFO] MagicBridge: 35 , 60 , 60 , 6A [ERROR - Expected: FF, FF]
[2026-04-09 11:11:36.287] [INFO] MagicBridge: 35 , 62 , 62 , 6A [ERROR - Expected: FF, FF]
[2026-04-09 11:11:36.287] [INFO] MagicBridge: 35 , 64 , 64 , 6A [ERROR - Expected: FF, FF]
[2026-04-09 11:11:36.288] [INFO] MagicBridge: 35 , 66 , 66 , 6A [ERROR - Expected: 0, 0]
[2026-04-09 11:11:36.289] [INFO] MagicBridge: 35 , 68 , 68 , 6A [ERROR - Expected: 0, 0]
[2026-04-09 11:11:36.290] [INFO] MagicBridge: 35 , 6A , 6A , 6A [ERROR - Expected: 0, 0]
[2026-04-09 11:11:36.290] [INFO] MagicBridge: 35 , 6C , 6C , 6A [ERROR - Expected: FF, FF]
[2026-04-09 11:11:36.291] [INFO] MagicBridge: 35 , 6E , 6E , 6A [ERROR - Expected: FF, FF]
[2026-04-09 11:11:36.293] [INFO] MagicBridge: 35 , 70 , 70 , 6A [ERROR - Expected: FF, FF]
[2026-04-09 11:11:36.293] [INFO] MagicBridge: 35 , 72 , 72 , 6A [ERROR - Expected: FF, FF]
[2026-04-09 11:11:36.294] [INFO] MagicBridge: 35 , 74 , 74 , 6A [ERROR - Expected: FF, FF]
[2026-04-09 11:11:36.294] [INFO] MagicBridge: 35 , 76 , 76 , 6A [ERROR - Expected: FF, FF]
[2026-04-09 11:11:36.295] [INFO] MagicBridge: 35 , 78 , 78 , 6A [ERROR - Expected: FF, FF]
[2026-04-09 11:11:36.295] [INFO] MagicBridge: 35 , 7A , 7A , 6A [ERROR - Expected: 0, 0]
[2026-04-09 11:11:36.296] [INFO] MagicBridge: 35 , 7C , 7C , 6A [ERROR - Expected: FF, FF]
[2026-04-09 11:11:36.297] [INFO] MagicBridge: 35 , 7E , 7E , 6A [ERROR - Expected: FF, FF]
[2026-04-09 11:11:36.298] [INFO] MagicBridge: 35 , 80 , 0 , 6B [ERROR - Expected: FF, FF]
[2026-04-09 11:11:36.298] [INFO] MagicBridge: 35 , 82 , 2 , 6B [ERROR - Expected: FF, FF]
[2026-04-09 11:11:36.299] [INFO] MagicBridge: 35 , 84 , 4 , 6B [ERROR - Expected: FF, FF]
[2026-04-09 11:11:36.299] [INFO] MagicBridge: 35 , 86 , 6 , 6B [ERROR - Expected: FF, FF]
[2026-04-09 11:11:36.300] [INFO] MagicBridge: 35 , 88 , 8 , 6B [ERROR - Expected: FF, FF]
[2026-04-09 11:11:36.301] [INFO] MagicBridge: 35 , 8A , A , 6B [ERROR - Expected: FF, FF]
[2026-04-09 11:11:36.301] [INFO] MagicBridge: 35 , 8C , C , 6B [ERROR - Expected: FF, FF]
[2026-04-09 11:11:36.303] [INFO] MagicBridge: 35 , 8E , E , 6B [ERROR - Expected: 0, 21]
[2026-04-09 11:11:36.303] [INFO] MagicBridge: 35 , 90 , 10 , 6B [ERROR - Expected: FF, FF]
[2026-04-09 11:11:36.304] [INFO] MagicBridge: 35 , 92 , 12 , 6B [ERROR - Expected: FF, FF]
[2026-04-09 11:11:36.304] [INFO] MagicBridge: 35 , 94 , 14 , 6B [ERROR - Expected: FF, FF]
[2026-04-09 11:11:36.305] [INFO] MagicBridge: 35 , 96 , 16 , 6B [ERROR - Expected: FF, FF]
[2026-04-09 11:11:36.306] [INFO] MagicBridge: 35 , 98 , 18 , 6B [ERROR - Expected: FF, FF]
[2026-04-09 11:11:36.307] [INFO] MagicBridge: 35 , 9A , 1A , 6B [ERROR - Expected: FF, FF]
[2026-04-09 11:11:36.308] [INFO] MagicBridge: 35 , 9C , 1C , 6B [ERROR - Expected: FF, FF]
[2026-04-09 11:11:36.308] [INFO] MagicBridge: 35 , 9E , 1E , 6B [ERROR - Expected: FF, FF]
[2026-04-09 11:11:36.309] [INFO] MagicBridge: 35 , A0 , 20 , 6B [ERROR - Expected: 0, 1]
[2026-04-09 11:11:36.309] [INFO] MagicBridge: 35 , A2 , 22 , 6B [ERROR - Expected: 0, 0]
[2026-04-09 11:11:36.311] [INFO] MagicBridge: 35 , A4 , 24 , 6B [ERROR - Expected: FF, FF]
[2026-04-09 11:11:36.311] [INFO] MagicBridge: 35 , A6 , 26 , 6B [ERROR - Expected: FF, FF]
[2026-04-09 11:11:36.312] [INFO] MagicBridge: 35 , A8 , 28 , 6B [ERROR - Expected: FF, FF]
[2026-04-09 11:11:36.313] [INFO] MagicBridge: 35 , AA , 2A , 6B [ERROR - Expected: FF, FF]
[2026-04-09 11:11:36.313] [INFO] MagicBridge: 35 , AC , 2C , 6B [ERROR - Expected: FF, FF]
[2026-04-09 11:11:36.315] [INFO] MagicBridge: 35 , AE , 2E , 6B [ERROR - Expected: FF, FF]
[2026-04-09 11:11:36.315] [INFO] MagicBridge: 35 , B0 , 30 , 6B [ERROR - Expected: FF, FF]
[2026-04-09 11:11:36.316] [INFO] MagicBridge: 35 , B2 , 32 , 6B [ERROR - Expected: 0, 1]
[2026-04-09 11:11:36.316] [INFO] MagicBridge: 35 , B4 , 34 , 6B [ERROR - Expected: 0, 0]
[2026-04-09 11:11:36.317] [INFO] MagicBridge: 35 , B6 , 36 , 6B [ERROR - Expected: 0, 0]
[2026-04-09 11:11:36.318] [INFO] MagicBridge: 35 , B8 , 38 , 6B [ERROR - Expected: FF, FF]
[2026-04-09 11:11:36.319] [INFO] MagicBridge: 35 , BA , 3A , 6B [ERROR - Expected: FF, FF]
[2026-04-09 11:11:36.319] [INFO] MagicBridge: 35 , BC , 3C , 6B [ERROR - Expected: FF, FF]
[2026-04-09 11:11:36.320] [INFO] MagicBridge: 35 , BE , 3E , 6B [ERROR - Expected: FF, FF]
[2026-04-09 11:11:36.321] [INFO] MagicBridge: 35 , C0 , 40 , 6B [ERROR - Expected: FF, FF]
[2026-04-09 11:11:36.322] [INFO] MagicBridge: 35 , C2 , 42 , 6B [ERROR - Expected: FF, FF]
[2026-04-09 11:11:36.323] [INFO] MagicBridge: 35 , C4 , 44 , 6B [ERROR - Expected: 0, 1]
[2026-04-09 11:11:36.323] [INFO] MagicBridge: 35 , C6 , 46 , 6B [ERROR - Expected: 0, 0]
[2026-04-09 11:11:36.324] [INFO] MagicBridge: 35 , C8 , 48 , 6B [ERROR - Expected: 0, 0]
[2026-04-09 11:11:36.324] [INFO] MagicBridge: 35 , CA , 4A , 6B [ERROR - Expected: 0, 0]
[2026-04-09 11:11:36.325] [INFO] MagicBridge: 35 , CC , 4C , 6B [ERROR - Expected: FF, FF]
[2026-04-09 11:11:36.326] [INFO] MagicBridge: 35 , CE , 4E , 6B [ERROR - Expected: FF, FF]
[2026-04-09 11:11:36.327] [INFO] MagicBridge: 35 , D0 , 50 , 6B [ERROR - Expected: FF, FF]
[2026-04-09 11:11:36.328] [INFO] MagicBridge: 35 , D2 , 52 , 6B [ERROR - Expected: FF, FF]
[2026-04-09 11:11:36.328] [INFO] MagicBridge: 35 , D4 , 54 , 6B [ERROR - Expected: FF, FF]
[2026-04-09 11:11:36.329] [INFO] MagicBridge: 35 , D6 , 56 , 6B [ERROR - Expected: 0, 1]
[2026-04-09 11:11:36.329] [INFO] MagicBridge: 35 , D8 , 58 , 6B [ERROR - Expected: 0, 0]
[2026-04-09 11:11:36.330] [INFO] MagicBridge: 35 , DA , 5A , 6B [ERROR - Expected: 0, 0]
[2026-04-09 11:11:36.331] [INFO] MagicBridge: 35 , DC , 5C , 6B [ERROR - Expected: 0, 0]
[2026-04-09 11:11:36.332] [INFO] MagicBridge: 35 , DE , 5E , 6B [ERROR - Expected: 0, 0]
[2026-04-09 11:11:36.333] [INFO] MagicBridge: 35 , E0 , 60 , 6B [ERROR - Expected: FF, FF]
[2026-04-09 11:11:36.333] [INFO] MagicBridge: 35 , E2 , 62 , 6B [ERROR - Expected: FF, FF]
[2026-04-09 11:11:36.333] [INFO] MagicBridge: 35 , E4 , 64 , 6B [ERROR - Expected: FF, FF]
[2026-04-09 11:11:36.335] [INFO] MagicBridge: 35 , E6 , 66 , 6B [ERROR - Expected: FF, FF]
[2026-04-09 11:11:36.335] [INFO] MagicBridge: 35 , E8 , 68 , 6B [ERROR - Expected: 0, 1]
[2026-04-09 11:11:36.336] [INFO] MagicBridge: 35 , EA , 6A , 6B [ERROR - Expected: 0, 0]
[2026-04-09 11:11:36.337] [INFO] MagicBridge: 35 , EC , 6C , 6B [ERROR - Expected: 0, 0]
[2026-04-09 11:11:36.338] [INFO] MagicBridge: 35 , EE , 6E , 6B [ERROR - Expected: 0, 0]
[2026-04-09 11:11:36.338] [INFO] MagicBridge: 35 , F0 , 70 , 6B [ERROR - Expected: 0, 0]
[2026-04-09 11:11:36.339] [INFO] MagicBridge: 35 , F2 , 72 , 6B [ERROR - Expected: 0, 0]
[2026-04-09 11:11:36.339] [INFO] MagicBridge: 35 , F4 , 74 , 6B [ERROR - Expected: FF, FF]
[2026-04-09 11:11:36.340] [INFO] MagicBridge: 35 , F6 , 76 , 6B [ERROR - Expected: FF, FF]
[2026-04-09 11:11:36.340] [INFO] MagicBridge: 35 , F8 , 78 , 6B [ERROR - Expected: FF, FF]
[2026-04-09 11:11:36.340] [INFO] MagicBridge: 35 , FA , 7A , 6B [ERROR - Expected: 0, 1]
[2026-04-09 11:11:36.342] [INFO] MagicBridge: 35 , FC , 7C , 6B [ERROR - Expected: 0, 0]
[2026-04-09 11:11:36.342] [INFO] MagicBridge: 35 , FE , 7E , 6B [ERROR - Expected: 0, 0]
[2026-04-09 11:11:36.344] [INFO] MagicBridge: 36 , 0 , 0 , 6C [ERROR - Expected: 0, 0]
[2026-04-09 11:11:36.344] [INFO] MagicBridge: 36 , 2 , 2 , 6C [ERROR - Expected: 0, 0]
[2026-04-09 11:11:36.345] [INFO] MagicBridge: 36 , 4 , 4 , 6C [ERROR - Expected: 0, 0]
[2026-04-09 11:11:36.345] [INFO] MagicBridge: 36 , 6 , 6 , 6C [ERROR - Expected: 0, 0]
[2026-04-09 11:11:36.345] [INFO] MagicBridge: 36 , 8 , 8 , 6C [ERROR - Expected: FF, FF]
[2026-04-09 11:11:36.346] [INFO] MagicBridge: 36 , A , A , 6C [ERROR - Expected: FF, FF]
[2026-04-09 11:11:36.347] [INFO] MagicBridge: 36 , C , C , 6C [ERROR - Expected: 0, 1]
[2026-04-09 11:11:36.347] [INFO] MagicBridge: 36 , E , E , 6C [ERROR - Expected: 0, 0]
[2026-04-09 11:11:36.348] [INFO] MagicBridge: 36 , 10 , 10 , 6C [ERROR - Expected: 0, 0]
[2026-04-09 11:11:36.349] [INFO] MagicBridge: 36 , 12 , 12 , 6C [ERROR - Expected: 0, 0]
[2026-04-09 11:11:36.349] [INFO] MagicBridge: 36 , 14 , 14 , 6C [ERROR - Expected: 0, 0]
[2026-04-09 11:11:36.350] [INFO] MagicBridge: 36 , 16 , 16 , 6C [ERROR - Expected: 0, 0]
[2026-04-09 11:11:36.350] [INFO] MagicBridge: 36 , 18 , 18 , 6C [ERROR - Expected: 0, 0]
[2026-04-09 11:11:36.352] [INFO] MagicBridge: 36 , 1A , 1A , 6C [ERROR - Expected: 0, 0]
[2026-04-09 11:11:36.352] [INFO] MagicBridge: 36 , 1C , 1C , 6C [ERROR - Expected: FF, FF]
[2026-04-09 11:11:36.353] [INFO] MagicBridge: 36 , 1E , 1E , 6C [ERROR - Expected: 0, FB]
[2026-04-09 11:11:36.353] [INFO] MagicBridge: 36 , 20 , 20 , 6C [ERROR - Expected: 0, 0]
[2026-04-09 11:11:36.354] [INFO] MagicBridge: 36 , 22 , 22 , 6C [ERROR - Expected: 0, 0]
[2026-04-09 11:11:36.355] [INFO] MagicBridge: 36 , 0]
[2026-04-09 11:11:36.355] [INFO] MagicBridge: 36 , 28 , 28 , 6C [ERROR - Expected: 0, 0]
[2026-04-09 11:11:36.356] [INFO] MagicBridge: 36 , 2A , 2A , 6C [ERROR - Expected: 0, 0]
[2026-04-09 11:11:36.357] [INFO] MagicBridge: 36 , 2C , 2C , 6C [ERROR - Expected: 0, 0]
[2026-04-09 11:11:36.357] [INFO] MagicBridge: 36 , 2E , 2E , 6C [ERROR - Expected: 0, 0]
[2026-04-09 11:11:36.358] [INFO] MagicBridge: 36 , 30 , 30 , 6C [ERROR - Expected: FF, FF]
[2026-04-09 11:11:36.359] [INFO] MagicBridge: 36 , 32 , 32 , 6C [ERROR - Expected: FF, FF]
[2026-04-09 11:11:36.359] [INFO] MagicBridge: 36 , 34 , 34 , 6C [ERROR - Expected: FF, FF]
[2026-04-09 11:11:36.360] [INFO] MagicBridge: 36 , 36 , 36 , 6C [ERROR - Expected: FF, FF]
[2026-04-09 11:11:36.360] [INFO] MagicBridge: 36 , 38 , 38 , 6C [ERROR - Expected: FF, FF]
[2026-04-09 11:11:36.361] [INFO] MagicBridge: 36 , 3A , 3A , 6C [ERROR - Expected: FF, FF]
[2026-04-09 11:11:36.362] [INFO] MagicBridge: 36 , 3C , 3C , 6C [ERROR - Expected: FF, FF]
[2026-04-09 11:11:36.362] [INFO] MagicBridge: 36 , 3E , 3E , 6C [ERROR - Expected: FF, FF]
[2026-04-09 11:11:36.363] [INFO] MagicBridge: 36 , 40 , 40 , 6C [ERROR - Expected: FF, FF]
[2026-04-09 11:11:36.364] [INFO] MagicBridge: 36 , 42 , 42 , 6C [ERROR - Expected: 0, 0]
[2026-04-09 11:11:36.364] [INFO] MagicBridge: 36 , 44 , 44 , 6C [ERROR - Expected: 0, 0]
[2026-04-09 11:11:36.365] [INFO] MagicBridge: 36 , 46 , 46 , 6C [ERROR - Expected: 0, 0]
[2026-04-09 11:11:36.365] [INFO] MagicBridge: 36 , 48 , 48 , 6C [ERROR - Expected: 0, 0]
[2026-04-09 11:11:36.366] [INFO] MagicBridge: 36 , 4A , 4A , 6C [ERROR - Expected: 0, 0]
[2026-04-09 11:11:36.367] [INFO] MagicBridge: 36 , 4C , 4C , 6C [ERROR - Expected: 0, 0]
[2026-04-09 11:11:36.368] [INFO] MagicBridge: 36 , 4E , 4E , 6C [ERROR - Expected: 0, 0]
[2026-04-09 11:11:36.369] [SUCCESS] Comando completado (300 líneas)
[2026-04-09 11:11:48.945] [INFO] Sesión finalizada
